{"numFailedTestSuites":0,"numFailedTests":0,"numPassedTestSuites":13,"numPassedTests":52,"numPendingTestSuites":0,"numPendingTests":0,"numRuntimeErrorTestSuites":0,"numTodoTests":0,"numTotalTestSuites":13,"numTotalTests":52,"openHandles":[],"snapshot":{"added":0,"didUpdate":false,"failure":false,"filesAdded":0,"filesRemoved":0,"filesRemovedList":[],"filesUnmatched":0,"filesUpdated":0,"matched":0,"total":0,"unchecked":0,"uncheckedKeysByFile":[],"unmatched":0,"updated":0},"startTime":1773419829657,"success":false,"testResults":[{"assertionResults":[{"ancestorTitles":["FeatureGrid component"],"duration":63,"failing":false,"failureDetails":[],"failureMessages":[],"fullName":"FeatureGrid component should render section title and subtitle","invocations":1,"location":null,"numPassingAsserts":2,"retryReasons":[],"startAt":1773419832545,"status":"passed","title":"should render section title and subtitle"},{"ancestorTitles":["FeatureGrid component"],"duration":11,"failing":false,"failureDetails":[],"failureMessages":[],"fullName":"FeatureGrid component should render all features correctly with translations","invocations":1,"location":null,"numPassingAsserts":6,"retryReasons":[],"startAt":1773419832609,"status":"passed","title":"should render all features correctly with translations"},{"ancestorTitles":["FeatureGrid component"],"duration":8,"failing":false,"failureDetails":[],"failureMessages":[],"fullName":"FeatureGrid component should render falling back colors correctly if invalid accent is provided","invocations":1,"location":null,"numPassingAsserts":1,"retryReasons":[],"startAt":1773419832620,"status":"passed","title":"should render falling back colors correctly if invalid accent is provided"}],"endTime":1773419832706,"message":"","name":"D:\\Projects\\english-learning-history\\app\\modules\\home\\ui\\components\\FeatureGrid\\FeatureGrid.test.tsx","startTime":1773419831196,"status":"passed","summary":""},{"assertionResults":[{"ancestorTitles":["useTheme hook"],"duration":41,"failing":false,"failureDetails":[],"failureMessages":[],"fullName":"useTheme hook should default to system mode and light resolved theme if OS is light","invocations":1,"location":null,"numPassingAsserts":3,"retryReasons":[],"startAt":1773419832567,"status":"passed","title":"should default to system mode and light resolved theme if OS is light"},{"ancestorTitles":["useTheme hook"],"duration":6,"failing":false,"failureDetails":[],"failureMessages":[],"fullName":"useTheme hook should default to system mode and dark resolved theme if OS is dark","invocations":1,"location":null,"numPassingAsserts":2,"retryReasons":[],"startAt":1773419832608,"status":"passed","title":"should default to system mode and dark resolved theme if OS is dark"},{"ancestorTitles":["useTheme hook"],"duration":4,"failing":false,"failureDetails":[],"failureMessages":[],"fullName":"useTheme hook should load theme from localStorage if available","invocations":1,"location":null,"numPassingAsserts":2,"retryReasons":[],"startAt":1773419832614,"status":"passed","title":"should load theme from localStorage if available"},{"ancestorTitles":["useTheme hook"],"duration":4,"failing":false,"failureDetails":[],"failureMessages":[],"fullName":"useTheme hook should fallback to system if localStorage value is null","invocations":1,"location":null,"numPassingAsserts":1,"retryReasons":[],"startAt":1773419832618,"status":"passed","title":"should fallback to system if localStorage value is null"},{"ancestorTitles":["useTheme hook"],"duration":4,"failing":false,"failureDetails":[],"failureMessages":[],"fullName":"useTheme hook should handle setting mode manually and persisting it","invocations":1,"location":null,"numPassingAsserts":3,"retryReasons":[],"startAt":1773419832622,"status":"passed","title":"should handle setting mode manually and persisting it"},{"ancestorTitles":["useTheme hook"],"duration":4,"failing":false,"failureDetails":[],"failureMessages":[],"fullName":"useTheme hook should handle OS theme change events in system mode","invocations":1,"location":null,"numPassingAsserts":4,"retryReasons":[],"startAt":1773419832627,"status":"passed","title":"should handle OS theme change events in system mode"},{"ancestorTitles":["useTheme hook"],"duration":3,"failing":false,"failureDetails":[],"failureMessages":[],"fullName":"useTheme hook should not update resolvedTheme on OS change if not in system mode","invocations":1,"location":null,"numPassingAsserts":1,"retryReasons":[],"startAt":1773419832632,"status":"passed","title":"should not update resolvedTheme on OS change if not in system mode"},{"ancestorTitles":["useTheme hook"],"duration":7,"failing":false,"failureDetails":[],"failureMessages":[],"fullName":"useTheme hook should cleanup media matcher on unmount","invocations":1,"location":null,"numPassingAsserts":1,"retryReasons":[],"startAt":1773419832635,"status":"passed","title":"should cleanup media matcher on unmount"}],"endTime":1773419832719,"message":"","name":"D:\\Projects\\english-learning-history\\app\\shared\\hooks\\useTheme.test.ts","startTime":1773419831268,"status":"passed","summary":""},{"assertionResults":[{"ancestorTitles":["HomeFooter component"],"duration":77,"failing":false,"failureDetails":[],"failureMessages":[],"fullName":"HomeFooter component should render footer text clearly","invocations":1,"location":null,"numPassingAsserts":1,"retryReasons":[],"startAt":1773419832572,"status":"passed","title":"should render footer text clearly"},{"ancestorTitles":["HomeFooter component"],"duration":5,"failing":false,"failureDetails":[],"failureMessages":[],"fullName":"HomeFooter component should render the copyright text","invocations":1,"location":null,"numPassingAsserts":1,"retryReasons":[],"startAt":1773419832650,"status":"passed","title":"should render the copyright text"},{"ancestorTitles":["HomeFooter component"],"duration":10,"failing":false,"failureDetails":[],"failureMessages":[],"fullName":"HomeFooter component should handle missing text gracefully avoiding errors","invocations":1,"location":null,"numPassingAsserts":1,"retryReasons":[],"startAt":1773419832655,"status":"passed","title":"should handle missing text gracefully avoiding errors"}],"endTime":1773419832742,"message":"","name":"D:\\Projects\\english-learning-history\\app\\modules\\home\\ui\\components\\HomeFooter\\HomeFooter.test.tsx","startTime":1773419831234,"status":"passed","summary":""},{"assertionResults":[{"ancestorTitles":["useHomePage hook"],"duration":59,"failing":false,"failureDetails":[],"failureMessages":[],"fullName":"useHomePage hook should aggregate and provide theme and locale functionalities","invocations":1,"location":null,"numPassingAsserts":4,"retryReasons":[],"startAt":1773419832605,"status":"passed","title":"should aggregate and provide theme and locale functionalities"},{"ancestorTitles":["useHomePage hook"],"duration":4,"failing":false,"failureDetails":[],"failureMessages":[],"fullName":"useHomePage hook should provide localized translation function t","invocations":1,"location":null,"numPassingAsserts":1,"retryReasons":[],"startAt":1773419832665,"status":"passed","title":"should provide localized translation function t"},{"ancestorTitles":["useHomePage hook"],"duration":5,"failing":false,"failureDetails":[],"failureMessages":[],"fullName":"useHomePage hook should fetch and provide features and stats data from usecases","invocations":1,"location":null,"numPassingAsserts":4,"retryReasons":[],"startAt":1773419832669,"status":"passed","title":"should fetch and provide features and stats data from usecases"},{"ancestorTitles":["useHomePage hook"],"duration":5,"failing":false,"failureDetails":[],"failureMessages":[],"fullName":"useHomePage hook toggleTheme should behave correctly by flipping resolvedTheme","invocations":1,"location":null,"numPassingAsserts":1,"retryReasons":[],"startAt":1773419832674,"status":"passed","title":"toggleTheme should behave correctly by flipping resolvedTheme"},{"ancestorTitles":["useHomePage hook"],"duration":3,"failing":false,"failureDetails":[],"failureMessages":[],"fullName":"useHomePage hook toggleTheme from dark switches to light","invocations":1,"location":null,"numPassingAsserts":1,"retryReasons":[],"startAt":1773419832679,"status":"passed","title":"toggleTheme from dark switches to light"}],"endTime":1773419832804,"message":"","name":"D:\\Projects\\english-learning-history\\app\\modules\\home\\ui\\hooks\\useHomePage.test.ts","startTime":1773419831319,"status":"passed","summary":""},{"assertionResults":[{"ancestorTitles":["HomePage Component"],"duration":62,"failing":false,"failureDetails":[],"failureMessages":[],"fullName":"HomePage Component should render all child sections composing the home module","invocations":1,"location":null,"numPassingAsserts":5,"retryReasons":[],"startAt":1773419832626,"status":"passed","title":"should render all child sections composing the home module"},{"ancestorTitles":["HomePage Component"],"duration":6,"failing":false,"failureDetails":[],"failureMessages":[],"fullName":"HomePage Component should wrap everything in a main div struct with proper layout classes","invocations":1,"location":null,"numPassingAsserts":2,"retryReasons":[],"startAt":1773419832689,"status":"passed","title":"should wrap everything in a main div struct with proper layout classes"}],"endTime":1773419832803,"message":"","name":"D:\\Projects\\english-learning-history\\app\\modules\\home\\ui\\pages\\index.test.tsx","startTime":1773419831250,"status":"passed","summary":""},{"assertionResults":[{"ancestorTitles":["StatsBar component"],"duration":75,"failing":false,"failureDetails":[],"failureMessages":[],"fullName":"StatsBar component should render all stats correctly","invocations":1,"location":null,"numPassingAsserts":8,"retryReasons":[],"startAt":1773419832641,"status":"passed","title":"should render all stats correctly"},{"ancestorTitles":["StatsBar component"],"duration":5,"failing":false,"failureDetails":[],"failureMessages":[],"fullName":"StatsBar component should render safely with no stats","invocations":1,"location":null,"numPassingAsserts":1,"retryReasons":[],"startAt":1773419832716,"status":"passed","title":"should render safely with no stats"}],"endTime":1773419832868,"message":"","name":"D:\\Projects\\english-learning-history\\app\\modules\\home\\ui\\components\\StatsBar\\StatsBar.test.tsx","startTime":1773419831276,"status":"passed","summary":""},{"assertionResults":[{"ancestorTitles":["HeroSection component"],"duration":183,"failing":false,"failureDetails":[],"failureMessages":[],"fullName":"HeroSection component should render all text properties passed to it","invocations":1,"location":null,"numPassingAsserts":4,"retryReasons":[],"startAt":1773419832545,"status":"passed","title":"should render all text properties passed to it"},{"ancestorTitles":["HeroSection component"],"duration":10,"failing":false,"failureDetails":[],"failureMessages":[],"fullName":"HeroSection component should render the badge text","invocations":1,"location":null,"numPassingAsserts":1,"retryReasons":[],"startAt":1773419832728,"status":"passed","title":"should render the badge text"},{"ancestorTitles":["HeroSection component"],"duration":8,"failing":false,"failureDetails":[],"failureMessages":[],"fullName":"HeroSection component should have background styling elements hidden from screen readers","invocations":1,"location":null,"numPassingAsserts":1,"retryReasons":[],"startAt":1773419832738,"status":"passed","title":"should have background styling elements hidden from screen readers"}],"endTime":1773419832878,"message":"","name":"D:\\Projects\\english-learning-history\\app\\modules\\home\\ui\\components\\HeroSection\\HeroSection.test.tsx","startTime":1773419831212,"status":"passed","summary":""},{"assertionResults":[{"ancestorTitles":["ThemeToggle atom"],"duration":194,"failing":false,"failureDetails":[],"failureMessages":[],"fullName":"ThemeToggle atom should display the dark mode icon when resolvedTheme is dark","invocations":1,"location":null,"numPassingAsserts":2,"retryReasons":[],"startAt":1773419832738,"status":"passed","title":"should display the dark mode icon when resolvedTheme is dark"},{"ancestorTitles":["ThemeToggle atom"],"duration":9,"failing":false,"failureDetails":[],"failureMessages":[],"fullName":"ThemeToggle atom should display the light mode icon when resolvedTheme is light","invocations":1,"location":null,"numPassingAsserts":2,"retryReasons":[],"startAt":1773419832932,"status":"passed","title":"should display the light mode icon when resolvedTheme is light"},{"ancestorTitles":["ThemeToggle atom"],"duration":41,"failing":false,"failureDetails":[],"failureMessages":[],"fullName":"ThemeToggle atom should call onToggle when clicked","invocations":1,"location":null,"numPassingAsserts":1,"retryReasons":[],"startAt":1773419832941,"status":"passed","title":"should call onToggle when clicked"}],"endTime":1773419833069,"message":"","name":"D:\\Projects\\english-learning-history\\app\\shared\\components\\atoms\\ThemeToggle\\ThemeToggle.test.tsx","startTime":1773419831315,"status":"passed","summary":""},{"assertionResults":[{"ancestorTitles":["Button atom"],"duration":158,"failing":false,"failureDetails":[],"failureMessages":[],"fullName":"Button atom should render correctly with default props","invocations":1,"location":null,"numPassingAsserts":3,"retryReasons":[],"startAt":1773419832771,"status":"passed","title":"should render correctly with default props"},{"ancestorTitles":["Button atom"],"duration":11,"failing":false,"failureDetails":[],"failureMessages":[],"fullName":"Button atom should render icon if provided","invocations":1,"location":null,"numPassingAsserts":1,"retryReasons":[],"startAt":1773419832930,"status":"passed","title":"should render icon if provided"},{"ancestorTitles":["Button atom"],"duration":20,"failing":false,"failureDetails":[],"failureMessages":[],"fullName":"Button atom should render with different variants","invocations":1,"location":null,"numPassingAsserts":3,"retryReasons":[],"startAt":1773419832941,"status":"passed","title":"should render with different variants"},{"ancestorTitles":["Button atom"],"duration":44,"failing":false,"failureDetails":[],"failureMessages":[],"fullName":"Button atom should render with different sizes","invocations":1,"location":null,"numPassingAsserts":2,"retryReasons":[],"startAt":1773419832961,"status":"passed","title":"should render with different sizes"},{"ancestorTitles":["Button atom"],"duration":10,"failing":false,"failureDetails":[],"failureMessages":[],"fullName":"Button atom should be disabled when the disabled prop is true","invocations":1,"location":null,"numPassingAsserts":2,"retryReasons":[],"startAt":1773419833006,"status":"passed","title":"should be disabled when the disabled prop is true"},{"ancestorTitles":["Button atom"],"duration":37,"failing":false,"failureDetails":[],"failureMessages":[],"fullName":"Button atom should forward additional props to the button element","invocations":1,"location":null,"numPassingAsserts":1,"retryReasons":[],"startAt":1773419833016,"status":"passed","title":"should forward additional props to the button element"}],"endTime":1773419833120,"message":"","name":"D:\\Projects\\english-learning-history\\app\\shared\\components\\atoms\\Button\\Button.test.tsx","startTime":1773419831269,"status":"passed","summary":""},{"assertionResults":[{"ancestorTitles":["LocaleSwitcher atom"],"duration":186,"failing":false,"failureDetails":[],"failureMessages":[],"fullName":"LocaleSwitcher atom should render both EN and VI buttons","invocations":1,"location":null,"numPassingAsserts":2,"retryReasons":[],"startAt":1773419832711,"status":"passed","title":"should render both EN and VI buttons"},{"ancestorTitles":["LocaleSwitcher atom"],"duration":38,"failing":false,"failureDetails":[],"failureMessages":[],"fullName":"LocaleSwitcher atom should highlight the active locale (EN)","invocations":1,"location":null,"numPassingAsserts":2,"retryReasons":[],"startAt":1773419832897,"status":"passed","title":"should highlight the active locale (EN)"},{"ancestorTitles":["LocaleSwitcher atom"],"duration":14,"failing":false,"failureDetails":[],"failureMessages":[],"fullName":"LocaleSwitcher atom should highlight the active locale (VI)","invocations":1,"location":null,"numPassingAsserts":2,"retryReasons":[],"startAt":1773419832935,"status":"passed","title":"should highlight the active locale (VI)"},{"ancestorTitles":["LocaleSwitcher atom"],"duration":125,"failing":false,"failureDetails":[],"failureMessages":[],"fullName":"LocaleSwitcher atom should call onLocaleChange when a button is clicked","invocations":1,"location":null,"numPassingAsserts":2,"retryReasons":[],"startAt":1773419832949,"status":"passed","title":"should call onLocaleChange when a button is clicked"}],"endTime":1773419833145,"message":"","name":"D:\\Projects\\english-learning-history\\app\\shared\\components\\atoms\\LocaleSwitcher\\LocaleSwitcher.test.tsx","startTime":1773419831237,"status":"passed","summary":""},{"assertionResults":[{"ancestorTitles":["HomeHeader component"],"duration":79,"failing":false,"failureDetails":[],"failureMessages":[],"fullName":"HomeHeader component should render the application title","invocations":1,"location":null,"numPassingAsserts":1,"retryReasons":[],"startAt":1773419832759,"status":"passed","title":"should render the application title"},{"ancestorTitles":["HomeHeader component"],"duration":160,"failing":false,"failureDetails":[],"failureMessages":[],"fullName":"HomeHeader component should render ThemeToggle and pass down props and handlers","invocations":1,"location":null,"numPassingAsserts":2,"retryReasons":[],"startAt":1773419832839,"status":"passed","title":"should render ThemeToggle and pass down props and handlers"},{"ancestorTitles":["HomeHeader component"],"duration":76,"failing":false,"failureDetails":[],"failureMessages":[],"fullName":"HomeHeader component should render LocaleSwitcher and pass down props and handlers","invocations":1,"location":null,"numPassingAsserts":1,"retryReasons":[],"startAt":1773419832999,"status":"passed","title":"should render LocaleSwitcher and pass down props and handlers"},{"ancestorTitles":["HomeHeader component"],"duration":6,"failing":false,"failureDetails":[],"failureMessages":[],"fullName":"HomeHeader component should apply the frosted glass effect class","invocations":1,"location":null,"numPassingAsserts":1,"retryReasons":[],"startAt":1773419833075,"status":"passed","title":"should apply the frosted glass effect class"}],"endTime":1773419833153,"message":"","name":"D:\\Projects\\english-learning-history\\app\\modules\\home\\ui\\components\\HomeHeader\\HomeHeader.test.tsx","startTime":1773419831311,"status":"passed","summary":""},{"assertionResults":[{"ancestorTitles":["Home Usecases","getHomeFeatures"],"duration":7,"failing":false,"failureDetails":[],"failureMessages":[],"fullName":"Home Usecases getHomeFeatures should return the predefined home features list","invocations":1,"location":null,"numPassingAsserts":7,"retryReasons":[],"startAt":1773419833196,"status":"passed","title":"should return the predefined home features list"},{"ancestorTitles":["Home Usecases","getHomeStats"],"duration":1,"failing":false,"failureDetails":[],"failureMessages":[],"fullName":"Home Usecases getHomeStats should return the predefined home stats list","invocations":1,"location":null,"numPassingAsserts":6,"retryReasons":[],"startAt":1773419833203,"status":"passed","title":"should return the predefined home stats list"}],"endTime":1773419833232,"message":"","name":"D:\\Projects\\english-learning-history\\app\\modules\\home\\core\\usecases\\index.test.ts","startTime":1773419832847,"status":"passed","summary":""},{"assertionResults":[{"ancestorTitles":["useLocale hook"],"duration":14,"failing":false,"failureDetails":[],"failureMessages":[],"fullName":"useLocale hook should initialize with the default locale (en)","invocations":1,"location":null,"numPassingAsserts":2,"retryReasons":[],"startAt":1773419833329,"status":"passed","title":"should initialize with the default locale (en)"},{"ancestorTitles":["useLocale hook"],"duration":3,"failing":false,"failureDetails":[],"failureMessages":[],"fullName":"useLocale hook should initialize with a locale from localStorage if available","invocations":1,"location":null,"numPassingAsserts":2,"retryReasons":[],"startAt":1773419833344,"status":"passed","title":"should initialize with a locale from localStorage if available"},{"ancestorTitles":["useLocale hook"],"duration":2,"failing":false,"failureDetails":[],"failureMessages":[],"fullName":"useLocale hook should fallback to en if invalid locale in localStorage","invocations":1,"location":null,"numPassingAsserts":1,"retryReasons":[],"startAt":1773419833347,"status":"passed","title":"should fallback to en if invalid locale in localStorage"},{"ancestorTitles":["useLocale hook"],"duration":1,"failing":false,"failureDetails":[],"failureMessages":[],"fullName":"useLocale hook should ignore localStorage if null","invocations":1,"location":null,"numPassingAsserts":1,"retryReasons":[],"startAt":1773419833349,"status":"passed","title":"should ignore localStorage if null"},{"ancestorTitles":["useLocale hook"],"duration":2,"failing":false,"failureDetails":[],"failureMessages":[],"fullName":"useLocale hook should return the key if the translation is missing","invocations":1,"location":null,"numPassingAsserts":1,"retryReasons":[],"startAt":1773419833350,"status":"passed","title":"should return the key if the translation is missing"},{"ancestorTitles":["useLocale hook"],"duration":1,"failing":false,"failureDetails":[],"failureMessages":[],"fullName":"useLocale hook should return the key if the current language has no translation for it","invocations":1,"location":null,"numPassingAsserts":1,"retryReasons":[],"startAt":1773419833352,"status":"passed","title":"should return the key if the current language has no translation for it"},{"ancestorTitles":["useLocale hook"],"duration":1,"failing":false,"failureDetails":[],"failureMessages":[],"fullName":"useLocale hook should allow changing the locale and persisting it","invocations":1,"location":null,"numPassingAsserts":3,"retryReasons":[],"startAt":1773419833354,"status":"passed","title":"should allow changing the locale and persisting it"}],"endTime":1773419833392,"message":"","name":"D:\\Projects\\english-learning-history\\app\\shared\\hooks\\useLocale.test.ts","startTime":1773419832825,"status":"passed","summary":""}],"wasInterrupted":false,"coverageMap":{"D:\\Projects\\english-learning-history\\app\\modules\\home\\ui\\components\\FeatureGrid\\FeatureGrid.tsx":{"path":"D:\\Projects\\english-learning-history\\app\\modules\\home\\ui\\components\\FeatureGrid\\FeatureGrid.tsx","all":false,"statementMap":{"0":{"start":{"line":1,"column":0},"end":{"line":1,"column":13}},"1":{"start":{"line":2,"column":0},"end":{"line":2,"column":0}},"2":{"start":{"line":3,"column":0},"end":{"line":3,"column":67}},"3":{"start":{"line":4,"column":0},"end":{"line":4,"column":0}},"4":{"start":{"line":5,"column":0},"end":{"line":5,"column":3}},"5":{"start":{"line":6,"column":0},"end":{"line":6,"column":39}},"6":{"start":{"line":7,"column":0},"end":{"line":7,"column":3}},"7":{"start":{"line":8,"column":0},"end":{"line":8,"column":29}},"8":{"start":{"line":9,"column":0},"end":{"line":9,"column":49}},"9":{"start":{"line":10,"column":0},"end":{"line":10,"column":27}},"10":{"start":{"line":11,"column":0},"end":{"line":11,"column":71}},"11":{"start":{"line":12,"column":0},"end":{"line":12,"column":29}},"12":{"start":{"line":13,"column":0},"end":{"line":13,"column":33}},"13":{"start":{"line":14,"column":0},"end":{"line":14,"column":23}},"14":{"start":{"line":15,"column":0},"end":{"line":15,"column":36}},"15":{"start":{"line":16,"column":0},"end":{"line":16,"column":26}},"16":{"start":{"line":17,"column":0},"end":{"line":17,"column":1}},"17":{"start":{"line":18,"column":0},"end":{"line":18,"column":0}},"18":{"start":{"line":19,"column":0},"end":{"line":19,"column":74}},"19":{"start":{"line":20,"column":0},"end":{"line":20,"column":47}},"20":{"start":{"line":21,"column":0},"end":{"line":21,"column":46}},"21":{"start":{"line":22,"column":0},"end":{"line":22,"column":50}},"22":{"start":{"line":23,"column":0},"end":{"line":23,"column":40}},"23":{"start":{"line":24,"column":0},"end":{"line":24,"column":40}},"24":{"start":{"line":25,"column":0},"end":{"line":25,"column":2}},"25":{"start":{"line":26,"column":0},"end":{"line":26,"column":0}},"26":{"start":{"line":27,"column":0},"end":{"line":27,"column":76}},"27":{"start":{"line":28,"column":0},"end":{"line":28,"column":49}},"28":{"start":{"line":29,"column":0},"end":{"line":29,"column":42}},"29":{"start":{"line":30,"column":0},"end":{"line":30,"column":46}},"30":{"start":{"line":31,"column":0},"end":{"line":31,"column":36}},"31":{"start":{"line":32,"column":0},"end":{"line":32,"column":36}},"32":{"start":{"line":33,"column":0},"end":{"line":33,"column":2}},"33":{"start":{"line":34,"column":0},"end":{"line":34,"column":0}},"34":{"start":{"line":35,"column":0},"end":{"line":35,"column":3}},"35":{"start":{"line":36,"column":0},"end":{"line":36,"column":71}},"36":{"start":{"line":37,"column":0},"end":{"line":37,"column":77}},"37":{"start":{"line":38,"column":0},"end":{"line":38,"column":76}},"38":{"start":{"line":39,"column":0},"end":{"line":39,"column":44}},"39":{"start":{"line":40,"column":0},"end":{"line":40,"column":3}},"40":{"start":{"line":41,"column":0},"end":{"line":41,"column":37}},"41":{"start":{"line":42,"column":0},"end":{"line":42,"column":11}},"42":{"start":{"line":43,"column":0},"end":{"line":43,"column":4}},"43":{"start":{"line":44,"column":0},"end":{"line":44,"column":15}},"44":{"start":{"line":45,"column":0},"end":{"line":45,"column":18}},"45":{"start":{"line":46,"column":0},"end":{"line":46,"column":42}},"46":{"start":{"line":47,"column":0},"end":{"line":47,"column":10}},"47":{"start":{"line":48,"column":0},"end":{"line":48,"column":12}},"48":{"start":{"line":49,"column":0},"end":{"line":49,"column":27}},"49":{"start":{"line":50,"column":0},"end":{"line":50,"column":53}},"50":{"start":{"line":51,"column":0},"end":{"line":51,"column":5}},"51":{"start":{"line":52,"column":0},"end":{"line":52,"column":29}},"52":{"start":{"line":53,"column":0},"end":{"line":53,"column":10}},"53":{"start":{"line":54,"column":0},"end":{"line":54,"column":64}},"54":{"start":{"line":55,"column":0},"end":{"line":55,"column":55}},"55":{"start":{"line":56,"column":0},"end":{"line":56,"column":7}},"56":{"start":{"line":57,"column":0},"end":{"line":57,"column":71}},"57":{"start":{"line":58,"column":0},"end":{"line":58,"column":24}},"58":{"start":{"line":59,"column":0},"end":{"line":59,"column":13}},"59":{"start":{"line":60,"column":0},"end":{"line":60,"column":73}},"60":{"start":{"line":61,"column":0},"end":{"line":61,"column":27}},"61":{"start":{"line":62,"column":0},"end":{"line":62,"column":12}},"62":{"start":{"line":63,"column":0},"end":{"line":63,"column":12}},"63":{"start":{"line":64,"column":0},"end":{"line":64,"column":0}},"64":{"start":{"line":65,"column":0},"end":{"line":65,"column":18}},"65":{"start":{"line":66,"column":0},"end":{"line":66,"column":76}},"66":{"start":{"line":67,"column":0},"end":{"line":67,"column":43}},"67":{"start":{"line":68,"column":0},"end":{"line":68,"column":18}},"68":{"start":{"line":69,"column":0},"end":{"line":69,"column":28}},"69":{"start":{"line":70,"column":0},"end":{"line":70,"column":23}},"70":{"start":{"line":71,"column":0},"end":{"line":71,"column":48}},"71":{"start":{"line":72,"column":0},"end":{"line":72,"column":69}},"72":{"start":{"line":73,"column":0},"end":{"line":73,"column":28}},"73":{"start":{"line":74,"column":0},"end":{"line":74,"column":44}},"74":{"start":{"line":75,"column":0},"end":{"line":75,"column":78}},"75":{"start":{"line":76,"column":0},"end":{"line":76,"column":38}},"76":{"start":{"line":77,"column":0},"end":{"line":77,"column":56}},"77":{"start":{"line":78,"column":0},"end":{"line":78,"column":34}},"78":{"start":{"line":79,"column":0},"end":{"line":79,"column":28}},"79":{"start":{"line":80,"column":0},"end":{"line":80,"column":13}},"80":{"start":{"line":81,"column":0},"end":{"line":81,"column":20}},"81":{"start":{"line":82,"column":0},"end":{"line":82,"column":78}},"82":{"start":{"line":83,"column":0},"end":{"line":83,"column":14}},"83":{"start":{"line":84,"column":0},"end":{"line":84,"column":11}},"84":{"start":{"line":85,"column":0},"end":{"line":85,"column":50}},"85":{"start":{"line":86,"column":0},"end":{"line":86,"column":16}},"86":{"start":{"line":87,"column":0},"end":{"line":87,"column":25}},"87":{"start":{"line":88,"column":0},"end":{"line":88,"column":52}},"88":{"start":{"line":89,"column":0},"end":{"line":89,"column":52}},"89":{"start":{"line":90,"column":0},"end":{"line":90,"column":47}},"90":{"start":{"line":91,"column":0},"end":{"line":91,"column":39}},"91":{"start":{"line":92,"column":0},"end":{"line":92,"column":15}},"92":{"start":{"line":93,"column":0},"end":{"line":93,"column":60}},"93":{"start":{"line":94,"column":0},"end":{"line":94,"column":32}},"94":{"start":{"line":95,"column":0},"end":{"line":95,"column":14}},"95":{"start":{"line":96,"column":0},"end":{"line":96,"column":0}},"96":{"start":{"line":97,"column":0},"end":{"line":97,"column":30}},"97":{"start":{"line":98,"column":0},"end":{"line":98,"column":16}},"98":{"start":{"line":99,"column":0},"end":{"line":99,"column":26}},"99":{"start":{"line":100,"column":0},"end":{"line":100,"column":72}},"100":{"start":{"line":101,"column":0},"end":{"line":101,"column":42}},"101":{"start":{"line":102,"column":0},"end":{"line":102,"column":24}},"102":{"start":{"line":103,"column":0},"end":{"line":103,"column":72}},"103":{"start":{"line":104,"column":0},"end":{"line":104,"column":37}},"104":{"start":{"line":105,"column":0},"end":{"line":105,"column":82}},"105":{"start":{"line":106,"column":0},"end":{"line":106,"column":16}},"106":{"start":{"line":107,"column":0},"end":{"line":107,"column":13}},"107":{"start":{"line":108,"column":0},"end":{"line":108,"column":28}},"108":{"start":{"line":109,"column":0},"end":{"line":109,"column":18}},"109":{"start":{"line":110,"column":0},"end":{"line":110,"column":0}},"110":{"start":{"line":111,"column":0},"end":{"line":111,"column":25}},"111":{"start":{"line":112,"column":0},"end":{"line":112,"column":15}},"112":{"start":{"line":113,"column":0},"end":{"line":113,"column":26}},"113":{"start":{"line":114,"column":0},"end":{"line":114,"column":51}},"114":{"start":{"line":115,"column":0},"end":{"line":115,"column":80}},"115":{"start":{"line":116,"column":0},"end":{"line":116,"column":46}},"116":{"start":{"line":117,"column":0},"end":{"line":117,"column":16}},"117":{"start":{"line":118,"column":0},"end":{"line":118,"column":13}},"118":{"start":{"line":119,"column":0},"end":{"line":119,"column":35}},"119":{"start":{"line":120,"column":0},"end":{"line":120,"column":17}},"120":{"start":{"line":121,"column":0},"end":{"line":121,"column":0}},"121":{"start":{"line":122,"column":0},"end":{"line":122,"column":31}},"122":{"start":{"line":123,"column":0},"end":{"line":123,"column":91}},"123":{"start":{"line":124,"column":0},"end":{"line":124,"column":41}},"124":{"start":{"line":125,"column":0},"end":{"line":125,"column":16}},"125":{"start":{"line":126,"column":0},"end":{"line":126,"column":0}},"126":{"start":{"line":127,"column":0},"end":{"line":127,"column":37}},"127":{"start":{"line":128,"column":0},"end":{"line":128,"column":16}},"128":{"start":{"line":129,"column":0},"end":{"line":129,"column":26}},"129":{"start":{"line":130,"column":0},"end":{"line":130,"column":45}},"130":{"start":{"line":131,"column":0},"end":{"line":131,"column":28}},"131":{"start":{"line":132,"column":0},"end":{"line":132,"column":80}},"132":{"start":{"line":133,"column":0},"end":{"line":133,"column":34}},"133":{"start":{"line":134,"column":0},"end":{"line":134,"column":86}},"134":{"start":{"line":135,"column":0},"end":{"line":135,"column":90}},"135":{"start":{"line":136,"column":0},"end":{"line":136,"column":80}},"136":{"start":{"line":137,"column":0},"end":{"line":137,"column":80}},"137":{"start":{"line":138,"column":0},"end":{"line":138,"column":16}},"138":{"start":{"line":139,"column":0},"end":{"line":139,"column":14}},"139":{"start":{"line":140,"column":0},"end":{"line":140,"column":20}},"140":{"start":{"line":141,"column":0},"end":{"line":141,"column":11}},"141":{"start":{"line":142,"column":0},"end":{"line":142,"column":12}},"142":{"start":{"line":143,"column":0},"end":{"line":143,"column":14}},"143":{"start":{"line":144,"column":0},"end":{"line":144,"column":4}},"144":{"start":{"line":145,"column":0},"end":{"line":145,"column":1}}},"s":{"0":1,"1":1,"2":1,"3":1,"4":1,"5":1,"6":1,"7":1,"8":1,"9":1,"10":1,"11":1,"12":1,"13":1,"14":1,"15":1,"16":1,"17":1,"18":1,"19":1,"20":1,"21":1,"22":1,"23":1,"24":1,"25":1,"26":1,"27":1,"28":1,"29":1,"30":1,"31":1,"32":1,"33":1,"34":1,"35":1,"36":1,"37":1,"38":1,"39":1,"40":1,"41":3,"42":3,"43":3,"44":3,"45":3,"46":3,"47":3,"48":3,"49":3,"50":3,"51":3,"52":3,"53":3,"54":3,"55":3,"56":3,"57":3,"58":3,"59":3,"60":3,"61":3,"62":3,"63":3,"64":3,"65":3,"66":3,"67":6,"68":6,"69":3,"70":3,"71":3,"72":3,"73":3,"74":3,"75":3,"76":3,"77":3,"78":3,"79":3,"80":3,"81":3,"82":3,"83":3,"84":3,"85":3,"86":3,"87":3,"88":3,"89":3,"90":3,"91":3,"92":3,"93":3,"94":3,"95":3,"96":3,"97":3,"98":3,"99":3,"100":3,"101":3,"102":3,"103":3,"104":3,"105":3,"106":3,"107":3,"108":3,"109":3,"110":3,"111":3,"112":3,"113":3,"114":3,"115":3,"116":3,"117":3,"118":3,"119":3,"120":3,"121":3,"122":3,"123":3,"124":3,"125":3,"126":3,"127":3,"128":3,"129":3,"130":3,"131":3,"132":3,"133":3,"134":3,"135":3,"136":3,"137":3,"138":3,"139":3,"140":3,"141":3,"142":3,"143":3,"144":3},"branchMap":{"0":{"type":"branch","line":41,"loc":{"start":{"line":41,"column":15},"end":{"line":145,"column":1}},"locations":[{"start":{"line":41,"column":15},"end":{"line":145,"column":1}}]},"1":{"type":"branch","line":67,"loc":{"start":{"line":67,"column":22},"end":{"line":69,"column":28}},"locations":[{"start":{"line":67,"column":22},"end":{"line":69,"column":28}}]},"2":{"type":"branch","line":105,"loc":{"start":{"line":105,"column":52},"end":{"line":105,"column":82}},"locations":[{"start":{"line":105,"column":52},"end":{"line":105,"column":82}}]},"3":{"type":"branch","line":115,"loc":{"start":{"line":115,"column":54},"end":{"line":115,"column":80}},"locations":[{"start":{"line":115,"column":54},"end":{"line":115,"column":80}}]},"4":{"type":"branch","line":134,"loc":{"start":{"line":134,"column":42},"end":{"line":134,"column":83}},"locations":[{"start":{"line":134,"column":42},"end":{"line":134,"column":83}}]},"5":{"type":"branch","line":134,"loc":{"start":{"line":134,"column":61},"end":{"line":134,"column":86}},"locations":[{"start":{"line":134,"column":61},"end":{"line":134,"column":86}}]},"6":{"type":"branch","line":135,"loc":{"start":{"line":135,"column":42},"end":{"line":135,"column":87}},"locations":[{"start":{"line":135,"column":42},"end":{"line":135,"column":87}}]},"7":{"type":"branch","line":136,"loc":{"start":{"line":136,"column":42},"end":{"line":136,"column":77}},"locations":[{"start":{"line":136,"column":42},"end":{"line":136,"column":77}}]},"8":{"type":"branch","line":137,"loc":{"start":{"line":137,"column":42},"end":{"line":137,"column":77}},"locations":[{"start":{"line":137,"column":42},"end":{"line":137,"column":77}}]}},"b":{"0":[3],"1":[6],"2":[3],"3":[3],"4":[3],"5":[3],"6":[0],"7":[0],"8":[0]},"fnMap":{"0":{"name":"FeatureGrid","decl":{"start":{"line":41,"column":15},"end":{"line":145,"column":1}},"loc":{"start":{"line":41,"column":15},"end":{"line":145,"column":1}},"line":41}},"f":{"0":3}},"D:\\Projects\\english-learning-history\\app\\modules\\home\\ui\\components\\HeroSection\\HeroSection.tsx":{"path":"D:\\Projects\\english-learning-history\\app\\modules\\home\\ui\\components\\HeroSection\\HeroSection.tsx","all":false,"statementMap":{"0":{"start":{"line":1,"column":0},"end":{"line":1,"column":13}},"1":{"start":{"line":2,"column":0},"end":{"line":2,"column":0}},"2":{"start":{"line":3,"column":0},"end":{"line":3,"column":3}},"3":{"start":{"line":4,"column":0},"end":{"line":4,"column":39}},"4":{"start":{"line":5,"column":0},"end":{"line":5,"column":3}},"5":{"start":{"line":6,"column":0},"end":{"line":6,"column":29}},"6":{"start":{"line":7,"column":0},"end":{"line":7,"column":38}},"7":{"start":{"line":8,"column":0},"end":{"line":8,"column":19}},"8":{"start":{"line":9,"column":0},"end":{"line":9,"column":38}},"9":{"start":{"line":10,"column":0},"end":{"line":10,"column":19}},"10":{"start":{"line":11,"column":0},"end":{"line":11,"column":42}},"11":{"start":{"line":12,"column":0},"end":{"line":12,"column":19}},"12":{"start":{"line":13,"column":0},"end":{"line":13,"column":44}},"13":{"start":{"line":14,"column":0},"end":{"line":14,"column":21}},"14":{"start":{"line":15,"column":0},"end":{"line":15,"column":1}},"15":{"start":{"line":16,"column":0},"end":{"line":16,"column":0}},"16":{"start":{"line":17,"column":0},"end":{"line":17,"column":3}},"17":{"start":{"line":18,"column":0},"end":{"line":18,"column":44}},"18":{"start":{"line":19,"column":0},"end":{"line":19,"column":70}},"19":{"start":{"line":20,"column":0},"end":{"line":20,"column":54}},"20":{"start":{"line":21,"column":0},"end":{"line":21,"column":62}},"21":{"start":{"line":22,"column":0},"end":{"line":22,"column":44}},"22":{"start":{"line":23,"column":0},"end":{"line":23,"column":3}},"23":{"start":{"line":24,"column":0},"end":{"line":24,"column":37}},"24":{"start":{"line":25,"column":0},"end":{"line":25,"column":11}},"25":{"start":{"line":26,"column":0},"end":{"line":26,"column":11}},"26":{"start":{"line":27,"column":0},"end":{"line":27,"column":11}},"27":{"start":{"line":28,"column":0},"end":{"line":28,"column":13}},"28":{"start":{"line":29,"column":0},"end":{"line":29,"column":42}},"29":{"start":{"line":30,"column":0},"end":{"line":30,"column":10}},"30":{"start":{"line":31,"column":0},"end":{"line":31,"column":12}},"31":{"start":{"line":32,"column":0},"end":{"line":32,"column":23}},"32":{"start":{"line":33,"column":0},"end":{"line":33,"column":17}},"33":{"start":{"line":34,"column":0},"end":{"line":34,"column":71}},"34":{"start":{"line":35,"column":0},"end":{"line":35,"column":46}},"35":{"start":{"line":36,"column":0},"end":{"line":36,"column":7}},"36":{"start":{"line":37,"column":0},"end":{"line":37,"column":5}},"37":{"start":{"line":38,"column":0},"end":{"line":38,"column":36}},"38":{"start":{"line":39,"column":0},"end":{"line":39,"column":10}},"39":{"start":{"line":40,"column":0},"end":{"line":40,"column":19}},"40":{"start":{"line":41,"column":0},"end":{"line":41,"column":46}},"41":{"start":{"line":42,"column":0},"end":{"line":42,"column":20}},"42":{"start":{"line":43,"column":0},"end":{"line":43,"column":9}},"43":{"start":{"line":44,"column":0},"end":{"line":44,"column":16}},"44":{"start":{"line":45,"column":0},"end":{"line":45,"column":45}},"45":{"start":{"line":46,"column":0},"end":{"line":46,"column":10}},"46":{"start":{"line":47,"column":0},"end":{"line":47,"column":26}},"47":{"start":{"line":48,"column":0},"end":{"line":48,"column":8}},"48":{"start":{"line":49,"column":0},"end":{"line":49,"column":0}},"49":{"start":{"line":50,"column":0},"end":{"line":50,"column":38}},"50":{"start":{"line":51,"column":0},"end":{"line":51,"column":10}},"51":{"start":{"line":52,"column":0},"end":{"line":52,"column":19}},"52":{"start":{"line":53,"column":0},"end":{"line":53,"column":55}},"53":{"start":{"line":54,"column":0},"end":{"line":54,"column":32}},"54":{"start":{"line":55,"column":0},"end":{"line":55,"column":42}},"55":{"start":{"line":56,"column":0},"end":{"line":56,"column":18}},"56":{"start":{"line":57,"column":0},"end":{"line":57,"column":9}},"57":{"start":{"line":58,"column":0},"end":{"line":58,"column":62}},"58":{"start":{"line":59,"column":0},"end":{"line":59,"column":26}},"59":{"start":{"line":60,"column":0},"end":{"line":60,"column":8}},"60":{"start":{"line":61,"column":0},"end":{"line":61,"column":10}},"61":{"start":{"line":62,"column":0},"end":{"line":62,"column":19}},"62":{"start":{"line":63,"column":0},"end":{"line":63,"column":59}},"63":{"start":{"line":64,"column":0},"end":{"line":64,"column":32}},"64":{"start":{"line":65,"column":0},"end":{"line":65,"column":44}},"65":{"start":{"line":66,"column":0},"end":{"line":66,"column":18}},"66":{"start":{"line":67,"column":0},"end":{"line":67,"column":9}},"67":{"start":{"line":68,"column":0},"end":{"line":68,"column":65}},"68":{"start":{"line":69,"column":0},"end":{"line":69,"column":26}},"69":{"start":{"line":70,"column":0},"end":{"line":70,"column":8}},"70":{"start":{"line":71,"column":0},"end":{"line":71,"column":0}},"71":{"start":{"line":72,"column":0},"end":{"line":72,"column":21}},"72":{"start":{"line":73,"column":0},"end":{"line":73,"column":10}},"73":{"start":{"line":74,"column":0},"end":{"line":74,"column":76}},"74":{"start":{"line":75,"column":0},"end":{"line":75,"column":55}},"75":{"start":{"line":76,"column":0},"end":{"line":76,"column":7}},"76":{"start":{"line":77,"column":0},"end":{"line":77,"column":21}},"77":{"start":{"line":78,"column":0},"end":{"line":78,"column":12}},"78":{"start":{"line":79,"column":0},"end":{"line":79,"column":21}},"79":{"start":{"line":80,"column":0},"end":{"line":80,"column":42}},"80":{"start":{"line":81,"column":0},"end":{"line":81,"column":40}},"81":{"start":{"line":82,"column":0},"end":{"line":82,"column":45}},"82":{"start":{"line":83,"column":0},"end":{"line":83,"column":51}},"83":{"start":{"line":84,"column":0},"end":{"line":84,"column":11}},"84":{"start":{"line":85,"column":0},"end":{"line":85,"column":9}},"85":{"start":{"line":86,"column":0},"end":{"line":86,"column":134}},"86":{"start":{"line":87,"column":0},"end":{"line":87,"column":39}},"87":{"start":{"line":88,"column":0},"end":{"line":88,"column":14}},"88":{"start":{"line":89,"column":0},"end":{"line":89,"column":0}},"89":{"start":{"line":90,"column":0},"end":{"line":90,"column":21}},"90":{"start":{"line":91,"column":0},"end":{"line":91,"column":11}},"91":{"start":{"line":92,"column":0},"end":{"line":92,"column":21}},"92":{"start":{"line":93,"column":0},"end":{"line":93,"column":59}},"93":{"start":{"line":94,"column":0},"end":{"line":94,"column":27}},"94":{"start":{"line":95,"column":0},"end":{"line":95,"column":35}},"95":{"start":{"line":96,"column":0},"end":{"line":96,"column":11}},"96":{"start":{"line":97,"column":0},"end":{"line":97,"column":9}},"97":{"start":{"line":98,"column":0},"end":{"line":98,"column":15}},"98":{"start":{"line":99,"column":0},"end":{"line":99,"column":53}},"99":{"start":{"line":100,"column":0},"end":{"line":100,"column":20}},"100":{"start":{"line":101,"column":0},"end":{"line":101,"column":54}},"101":{"start":{"line":102,"column":0},"end":{"line":102,"column":42}},"102":{"start":{"line":103,"column":0},"end":{"line":103,"column":58}},"103":{"start":{"line":104,"column":0},"end":{"line":104,"column":14}},"104":{"start":{"line":105,"column":0},"end":{"line":105,"column":11}},"105":{"start":{"line":106,"column":0},"end":{"line":106,"column":22}},"106":{"start":{"line":107,"column":0},"end":{"line":107,"column":17}},"107":{"start":{"line":108,"column":0},"end":{"line":108,"column":13}},"108":{"start":{"line":109,"column":0},"end":{"line":109,"column":0}},"109":{"start":{"line":110,"column":0},"end":{"line":110,"column":24}},"110":{"start":{"line":111,"column":0},"end":{"line":111,"column":10}},"111":{"start":{"line":112,"column":0},"end":{"line":112,"column":21}},"112":{"start":{"line":113,"column":0},"end":{"line":113,"column":44}},"113":{"start":{"line":114,"column":0},"end":{"line":114,"column":37}},"114":{"start":{"line":115,"column":0},"end":{"line":115,"column":22}},"115":{"start":{"line":116,"column":0},"end":{"line":116,"column":11}},"116":{"start":{"line":117,"column":0},"end":{"line":117,"column":9}},"117":{"start":{"line":118,"column":0},"end":{"line":118,"column":20}},"118":{"start":{"line":119,"column":0},"end":{"line":119,"column":12}},"119":{"start":{"line":120,"column":0},"end":{"line":120,"column":0}},"120":{"start":{"line":121,"column":0},"end":{"line":121,"column":20}},"121":{"start":{"line":122,"column":0},"end":{"line":122,"column":12}},"122":{"start":{"line":123,"column":0},"end":{"line":123,"column":71}},"123":{"start":{"line":124,"column":0},"end":{"line":124,"column":67}},"124":{"start":{"line":125,"column":0},"end":{"line":125,"column":9}},"125":{"start":{"line":126,"column":0},"end":{"line":126,"column":17}},"126":{"start":{"line":127,"column":0},"end":{"line":127,"column":30}},"127":{"start":{"line":128,"column":0},"end":{"line":128,"column":23}},"128":{"start":{"line":129,"column":0},"end":{"line":129,"column":44}},"129":{"start":{"line":130,"column":0},"end":{"line":130,"column":42}},"130":{"start":{"line":131,"column":0},"end":{"line":131,"column":41}},"131":{"start":{"line":132,"column":0},"end":{"line":132,"column":48}},"132":{"start":{"line":133,"column":0},"end":{"line":133,"column":23}},"133":{"start":{"line":134,"column":0},"end":{"line":134,"column":78}},"134":{"start":{"line":135,"column":0},"end":{"line":135,"column":59}},"135":{"start":{"line":136,"column":0},"end":{"line":136,"column":36}},"136":{"start":{"line":137,"column":0},"end":{"line":137,"column":33}},"137":{"start":{"line":138,"column":0},"end":{"line":138,"column":28}},"138":{"start":{"line":139,"column":0},"end":{"line":139,"column":13}},"139":{"start":{"line":140,"column":0},"end":{"line":140,"column":11}},"140":{"start":{"line":141,"column":0},"end":{"line":141,"column":27}},"141":{"start":{"line":142,"column":0},"end":{"line":142,"column":22}},"142":{"start":{"line":143,"column":0},"end":{"line":143,"column":19}},"143":{"start":{"line":144,"column":0},"end":{"line":144,"column":17}},"144":{"start":{"line":145,"column":0},"end":{"line":145,"column":32}},"145":{"start":{"line":146,"column":0},"end":{"line":146,"column":23}},"146":{"start":{"line":147,"column":0},"end":{"line":147,"column":44}},"147":{"start":{"line":148,"column":0},"end":{"line":148,"column":42}},"148":{"start":{"line":149,"column":0},"end":{"line":149,"column":42}},"149":{"start":{"line":150,"column":0},"end":{"line":150,"column":38}},"150":{"start":{"line":151,"column":0},"end":{"line":151,"column":53}},"151":{"start":{"line":152,"column":0},"end":{"line":152,"column":78}},"152":{"start":{"line":153,"column":0},"end":{"line":153,"column":71}},"153":{"start":{"line":154,"column":0},"end":{"line":154,"column":36}},"154":{"start":{"line":155,"column":0},"end":{"line":155,"column":33}},"155":{"start":{"line":156,"column":0},"end":{"line":156,"column":28}},"156":{"start":{"line":157,"column":0},"end":{"line":157,"column":13}},"157":{"start":{"line":158,"column":0},"end":{"line":158,"column":11}},"158":{"start":{"line":159,"column":0},"end":{"line":159,"column":24}},"159":{"start":{"line":160,"column":0},"end":{"line":160,"column":26}},"160":{"start":{"line":161,"column":0},"end":{"line":161,"column":19}},"161":{"start":{"line":162,"column":0},"end":{"line":162,"column":14}},"162":{"start":{"line":163,"column":0},"end":{"line":163,"column":12}},"163":{"start":{"line":164,"column":0},"end":{"line":164,"column":14}},"164":{"start":{"line":165,"column":0},"end":{"line":165,"column":4}},"165":{"start":{"line":166,"column":0},"end":{"line":166,"column":1}}},"s":{"0":1,"1":1,"2":1,"3":1,"4":1,"5":1,"6":1,"7":1,"8":1,"9":1,"10":1,"11":1,"12":1,"13":1,"14":1,"15":1,"16":1,"17":1,"18":1,"19":1,"20":1,"21":1,"22":1,"23":1,"24":3,"25":3,"26":3,"27":3,"28":3,"29":3,"30":3,"31":3,"32":3,"33":3,"34":3,"35":3,"36":3,"37":3,"38":3,"39":3,"40":3,"41":3,"42":3,"43":3,"44":3,"45":3,"46":3,"47":3,"48":3,"49":3,"50":3,"51":3,"52":3,"53":3,"54":3,"55":3,"56":3,"57":3,"58":3,"59":3,"60":3,"61":3,"62":3,"63":3,"64":3,"65":3,"66":3,"67":3,"68":3,"69":3,"70":3,"71":3,"72":3,"73":3,"74":3,"75":3,"76":3,"77":3,"78":3,"79":3,"80":3,"81":3,"82":3,"83":3,"84":3,"85":3,"86":3,"87":3,"88":3,"89":3,"90":3,"91":3,"92":3,"93":3,"94":3,"95":3,"96":3,"97":3,"98":3,"99":3,"100":3,"101":3,"102":3,"103":3,"104":3,"105":3,"106":3,"107":3,"108":3,"109":3,"110":3,"111":3,"112":3,"113":3,"114":3,"115":3,"116":3,"117":3,"118":3,"119":3,"120":3,"121":3,"122":3,"123":3,"124":3,"125":3,"126":3,"127":3,"128":3,"129":3,"130":3,"131":3,"132":3,"133":3,"134":3,"135":3,"136":3,"137":3,"138":3,"139":3,"140":3,"141":3,"142":3,"143":3,"144":3,"145":3,"146":3,"147":3,"148":3,"149":3,"150":3,"151":3,"152":3,"153":3,"154":3,"155":3,"156":3,"157":3,"158":3,"159":3,"160":3,"161":3,"162":3,"163":3,"164":3,"165":3},"branchMap":{"0":{"type":"branch","line":24,"loc":{"start":{"line":24,"column":15},"end":{"line":166,"column":1}},"locations":[{"start":{"line":24,"column":15},"end":{"line":166,"column":1}}]}},"b":{"0":[3]},"fnMap":{"0":{"name":"HeroSection","decl":{"start":{"line":24,"column":15},"end":{"line":166,"column":1}},"loc":{"start":{"line":24,"column":15},"end":{"line":166,"column":1}},"line":24}},"f":{"0":3}},"D:\\Projects\\english-learning-history\\app\\modules\\home\\ui\\components\\HomeFooter\\HomeFooter.tsx":{"path":"D:\\Projects\\english-learning-history\\app\\modules\\home\\ui\\components\\HomeFooter\\HomeFooter.tsx","all":false,"statementMap":{"0":{"start":{"line":1,"column":0},"end":{"line":1,"column":13}},"1":{"start":{"line":2,"column":0},"end":{"line":2,"column":0}},"2":{"start":{"line":3,"column":0},"end":{"line":3,"column":3}},"3":{"start":{"line":4,"column":0},"end":{"line":4,"column":38}},"4":{"start":{"line":5,"column":0},"end":{"line":5,"column":3}},"5":{"start":{"line":6,"column":0},"end":{"line":6,"column":28}},"6":{"start":{"line":7,"column":0},"end":{"line":7,"column":43}},"7":{"start":{"line":8,"column":0},"end":{"line":8,"column":21}},"8":{"start":{"line":9,"column":0},"end":{"line":9,"column":34}},"9":{"start":{"line":10,"column":0},"end":{"line":10,"column":20}},"10":{"start":{"line":11,"column":0},"end":{"line":11,"column":1}},"11":{"start":{"line":12,"column":0},"end":{"line":12,"column":0}},"12":{"start":{"line":13,"column":0},"end":{"line":13,"column":3}},"13":{"start":{"line":14,"column":0},"end":{"line":14,"column":38}},"14":{"start":{"line":15,"column":0},"end":{"line":15,"column":68}},"15":{"start":{"line":16,"column":0},"end":{"line":16,"column":81}},"16":{"start":{"line":17,"column":0},"end":{"line":17,"column":43}},"17":{"start":{"line":18,"column":0},"end":{"line":18,"column":3}},"18":{"start":{"line":19,"column":0},"end":{"line":19,"column":36}},"19":{"start":{"line":20,"column":0},"end":{"line":20,"column":13}},"20":{"start":{"line":21,"column":0},"end":{"line":21,"column":12}},"21":{"start":{"line":22,"column":0},"end":{"line":22,"column":41}},"22":{"start":{"line":23,"column":0},"end":{"line":23,"column":10}},"23":{"start":{"line":24,"column":0},"end":{"line":24,"column":11}},"24":{"start":{"line":25,"column":0},"end":{"line":25,"column":22}},"25":{"start":{"line":26,"column":0},"end":{"line":26,"column":17}},"26":{"start":{"line":27,"column":0},"end":{"line":27,"column":53}},"27":{"start":{"line":28,"column":0},"end":{"line":28,"column":31}},"28":{"start":{"line":29,"column":0},"end":{"line":29,"column":18}},"29":{"start":{"line":30,"column":0},"end":{"line":30,"column":7}},"30":{"start":{"line":31,"column":0},"end":{"line":31,"column":5}},"31":{"start":{"line":32,"column":0},"end":{"line":32,"column":86}},"32":{"start":{"line":33,"column":0},"end":{"line":33,"column":73}},"33":{"start":{"line":34,"column":0},"end":{"line":34,"column":68}},"34":{"start":{"line":35,"column":0},"end":{"line":35,"column":12}},"35":{"start":{"line":36,"column":0},"end":{"line":36,"column":13}},"36":{"start":{"line":37,"column":0},"end":{"line":37,"column":4}},"37":{"start":{"line":38,"column":0},"end":{"line":38,"column":1}}},"s":{"0":1,"1":1,"2":1,"3":1,"4":1,"5":1,"6":1,"7":1,"8":1,"9":1,"10":1,"11":1,"12":1,"13":1,"14":1,"15":1,"16":1,"17":1,"18":1,"19":3,"20":3,"21":3,"22":3,"23":3,"24":3,"25":3,"26":3,"27":3,"28":3,"29":3,"30":3,"31":3,"32":3,"33":3,"34":3,"35":3,"36":3,"37":3},"branchMap":{"0":{"type":"branch","line":19,"loc":{"start":{"line":19,"column":15},"end":{"line":38,"column":1}},"locations":[{"start":{"line":19,"column":15},"end":{"line":38,"column":1}}]}},"b":{"0":[3]},"fnMap":{"0":{"name":"HomeFooter","decl":{"start":{"line":19,"column":15},"end":{"line":38,"column":1}},"loc":{"start":{"line":19,"column":15},"end":{"line":38,"column":1}},"line":19}},"f":{"0":3}},"D:\\Projects\\english-learning-history\\app\\modules\\home\\ui\\components\\HomeHeader\\HomeHeader.tsx":{"path":"D:\\Projects\\english-learning-history\\app\\modules\\home\\ui\\components\\HomeHeader\\HomeHeader.tsx","all":false,"statementMap":{"0":{"start":{"line":1,"column":0},"end":{"line":1,"column":13}},"1":{"start":{"line":2,"column":0},"end":{"line":2,"column":0}},"2":{"start":{"line":3,"column":0},"end":{"line":3,"column":49}},"3":{"start":{"line":4,"column":0},"end":{"line":4,"column":0}},"4":{"start":{"line":5,"column":0},"end":{"line":5,"column":3}},"5":{"start":{"line":6,"column":0},"end":{"line":6,"column":38}},"6":{"start":{"line":7,"column":0},"end":{"line":7,"column":3}},"7":{"start":{"line":8,"column":0},"end":{"line":8,"column":28}},"8":{"start":{"line":9,"column":0},"end":{"line":9,"column":53}},"9":{"start":{"line":10,"column":0},"end":{"line":10,"column":34}},"10":{"start":{"line":11,"column":0},"end":{"line":11,"column":37}},"11":{"start":{"line":12,"column":0},"end":{"line":12,"column":28}},"12":{"start":{"line":13,"column":0},"end":{"line":13,"column":36}},"13":{"start":{"line":14,"column":0},"end":{"line":14,"column":17}},"14":{"start":{"line":15,"column":0},"end":{"line":15,"column":38}},"15":{"start":{"line":16,"column":0},"end":{"line":16,"column":43}},"16":{"start":{"line":17,"column":0},"end":{"line":17,"column":1}},"17":{"start":{"line":18,"column":0},"end":{"line":18,"column":0}},"18":{"start":{"line":19,"column":0},"end":{"line":19,"column":3}},"19":{"start":{"line":20,"column":0},"end":{"line":20,"column":53}},"20":{"start":{"line":21,"column":0},"end":{"line":21,"column":66}},"21":{"start":{"line":22,"column":0},"end":{"line":22,"column":75}},"22":{"start":{"line":23,"column":0},"end":{"line":23,"column":70}},"23":{"start":{"line":24,"column":0},"end":{"line":24,"column":43}},"24":{"start":{"line":25,"column":0},"end":{"line":25,"column":3}},"25":{"start":{"line":26,"column":0},"end":{"line":26,"column":36}},"26":{"start":{"line":27,"column":0},"end":{"line":27,"column":16}},"27":{"start":{"line":28,"column":0},"end":{"line":28,"column":16}},"28":{"start":{"line":29,"column":0},"end":{"line":29,"column":9}},"29":{"start":{"line":30,"column":0},"end":{"line":30,"column":17}},"30":{"start":{"line":31,"column":0},"end":{"line":31,"column":41}},"31":{"start":{"line":32,"column":0},"end":{"line":32,"column":10}},"32":{"start":{"line":33,"column":0},"end":{"line":33,"column":11}},"33":{"start":{"line":34,"column":0},"end":{"line":34,"column":22}},"34":{"start":{"line":35,"column":0},"end":{"line":35,"column":17}},"35":{"start":{"line":36,"column":0},"end":{"line":36,"column":39}},"36":{"start":{"line":37,"column":0},"end":{"line":37,"column":46}},"37":{"start":{"line":38,"column":0},"end":{"line":38,"column":38}},"38":{"start":{"line":39,"column":0},"end":{"line":39,"column":29}},"39":{"start":{"line":40,"column":0},"end":{"line":40,"column":24}},"40":{"start":{"line":41,"column":0},"end":{"line":41,"column":7}},"41":{"start":{"line":42,"column":0},"end":{"line":42,"column":51}},"42":{"start":{"line":43,"column":0},"end":{"line":43,"column":5}},"43":{"start":{"line":44,"column":0},"end":{"line":44,"column":19}},"44":{"start":{"line":45,"column":0},"end":{"line":45,"column":47}},"45":{"start":{"line":46,"column":0},"end":{"line":46,"column":12}},"46":{"start":{"line":47,"column":0},"end":{"line":47,"column":21}},"47":{"start":{"line":48,"column":0},"end":{"line":48,"column":52}},"48":{"start":{"line":49,"column":0},"end":{"line":49,"column":38}},"49":{"start":{"line":50,"column":0},"end":{"line":50,"column":48}},"50":{"start":{"line":51,"column":0},"end":{"line":51,"column":11}},"51":{"start":{"line":52,"column":0},"end":{"line":52,"column":9}},"52":{"start":{"line":53,"column":0},"end":{"line":53,"column":12}},"53":{"start":{"line":54,"column":0},"end":{"line":54,"column":14}},"54":{"start":{"line":55,"column":0},"end":{"line":55,"column":77}},"55":{"start":{"line":56,"column":0},"end":{"line":56,"column":13}},"56":{"start":{"line":57,"column":0},"end":{"line":57,"column":15}},"57":{"start":{"line":58,"column":0},"end":{"line":58,"column":12}},"58":{"start":{"line":59,"column":0},"end":{"line":59,"column":0}},"59":{"start":{"line":60,"column":0},"end":{"line":60,"column":22}},"60":{"start":{"line":61,"column":0},"end":{"line":61,"column":47}},"61":{"start":{"line":62,"column":0},"end":{"line":62,"column":31}},"62":{"start":{"line":63,"column":0},"end":{"line":63,"column":97}},"63":{"start":{"line":64,"column":0},"end":{"line":64,"column":17}},"64":{"start":{"line":65,"column":0},"end":{"line":65,"column":33}},"65":{"start":{"line":66,"column":0},"end":{"line":66,"column":28}},"66":{"start":{"line":67,"column":0},"end":{"line":67,"column":35}},"67":{"start":{"line":68,"column":0},"end":{"line":68,"column":14}},"68":{"start":{"line":69,"column":0},"end":{"line":69,"column":24}},"69":{"start":{"line":70,"column":0},"end":{"line":70,"column":39}},"70":{"start":{"line":71,"column":0},"end":{"line":71,"column":52}},"71":{"start":{"line":72,"column":0},"end":{"line":72,"column":48}},"72":{"start":{"line":73,"column":0},"end":{"line":73,"column":41}},"73":{"start":{"line":74,"column":0},"end":{"line":74,"column":16}},"74":{"start":{"line":75,"column":0},"end":{"line":75,"column":31}},"75":{"start":{"line":76,"column":0},"end":{"line":76,"column":60}},"76":{"start":{"line":77,"column":0},"end":{"line":77,"column":69}},"77":{"start":{"line":78,"column":0},"end":{"line":78,"column":15}},"78":{"start":{"line":79,"column":0},"end":{"line":79,"column":14}},"79":{"start":{"line":80,"column":0},"end":{"line":80,"column":42}},"80":{"start":{"line":81,"column":0},"end":{"line":81,"column":11}},"81":{"start":{"line":82,"column":0},"end":{"line":82,"column":51}},"82":{"start":{"line":83,"column":0},"end":{"line":83,"column":56}},"83":{"start":{"line":84,"column":0},"end":{"line":84,"column":19}},"84":{"start":{"line":85,"column":0},"end":{"line":85,"column":17}},"85":{"start":{"line":86,"column":0},"end":{"line":86,"column":33}},"86":{"start":{"line":87,"column":0},"end":{"line":87,"column":28}},"87":{"start":{"line":88,"column":0},"end":{"line":88,"column":35}},"88":{"start":{"line":89,"column":0},"end":{"line":89,"column":14}},"89":{"start":{"line":90,"column":0},"end":{"line":90,"column":24}},"90":{"start":{"line":91,"column":0},"end":{"line":91,"column":39}},"91":{"start":{"line":92,"column":0},"end":{"line":92,"column":52}},"92":{"start":{"line":93,"column":0},"end":{"line":93,"column":48}},"93":{"start":{"line":94,"column":0},"end":{"line":94,"column":41}},"94":{"start":{"line":95,"column":0},"end":{"line":95,"column":16}},"95":{"start":{"line":96,"column":0},"end":{"line":96,"column":31}},"96":{"start":{"line":97,"column":0},"end":{"line":97,"column":60}},"97":{"start":{"line":98,"column":0},"end":{"line":98,"column":69}},"98":{"start":{"line":99,"column":0},"end":{"line":99,"column":15}},"99":{"start":{"line":100,"column":0},"end":{"line":100,"column":14}},"100":{"start":{"line":101,"column":0},"end":{"line":101,"column":47}},"101":{"start":{"line":102,"column":0},"end":{"line":102,"column":11}},"102":{"start":{"line":103,"column":0},"end":{"line":103,"column":51}},"103":{"start":{"line":104,"column":0},"end":{"line":104,"column":56}},"104":{"start":{"line":105,"column":0},"end":{"line":105,"column":19}},"105":{"start":{"line":106,"column":0},"end":{"line":106,"column":14}},"106":{"start":{"line":107,"column":0},"end":{"line":107,"column":0}},"107":{"start":{"line":108,"column":0},"end":{"line":108,"column":28}},"108":{"start":{"line":109,"column":0},"end":{"line":109,"column":15}},"109":{"start":{"line":110,"column":0},"end":{"line":110,"column":34}},"110":{"start":{"line":111,"column":0},"end":{"line":111,"column":33}},"111":{"start":{"line":112,"column":0},"end":{"line":112,"column":21}},"112":{"start":{"line":113,"column":0},"end":{"line":113,"column":54}},"113":{"start":{"line":114,"column":0},"end":{"line":114,"column":55}},"114":{"start":{"line":115,"column":0},"end":{"line":115,"column":52}},"115":{"start":{"line":116,"column":0},"end":{"line":116,"column":39}},"116":{"start":{"line":117,"column":0},"end":{"line":117,"column":67}},"117":{"start":{"line":118,"column":0},"end":{"line":118,"column":31}},"118":{"start":{"line":119,"column":0},"end":{"line":119,"column":11}},"119":{"start":{"line":120,"column":0},"end":{"line":120,"column":86}},"120":{"start":{"line":121,"column":0},"end":{"line":121,"column":9}},"121":{"start":{"line":122,"column":0},"end":{"line":122,"column":39}},"122":{"start":{"line":123,"column":0},"end":{"line":123,"column":16}},"123":{"start":{"line":124,"column":0},"end":{"line":124,"column":24}},"124":{"start":{"line":125,"column":0},"end":{"line":125,"column":25}},"125":{"start":{"line":126,"column":0},"end":{"line":126,"column":33}},"126":{"start":{"line":127,"column":0},"end":{"line":127,"column":25}},"127":{"start":{"line":128,"column":0},"end":{"line":128,"column":35}},"128":{"start":{"line":129,"column":0},"end":{"line":129,"column":29}},"129":{"start":{"line":130,"column":0},"end":{"line":130,"column":35}},"130":{"start":{"line":131,"column":0},"end":{"line":131,"column":36}},"131":{"start":{"line":132,"column":0},"end":{"line":132,"column":13}},"132":{"start":{"line":133,"column":0},"end":{"line":133,"column":46}},"133":{"start":{"line":134,"column":0},"end":{"line":134,"column":34}},"134":{"start":{"line":135,"column":0},"end":{"line":135,"column":35}},"135":{"start":{"line":136,"column":0},"end":{"line":136,"column":47}},"136":{"start":{"line":137,"column":0},"end":{"line":137,"column":49}},"137":{"start":{"line":138,"column":0},"end":{"line":138,"column":34}},"138":{"start":{"line":139,"column":0},"end":{"line":139,"column":35}},"139":{"start":{"line":140,"column":0},"end":{"line":140,"column":48}},"140":{"start":{"line":141,"column":0},"end":{"line":141,"column":48}},"141":{"start":{"line":142,"column":0},"end":{"line":142,"column":18}},"142":{"start":{"line":143,"column":0},"end":{"line":143,"column":15}},"143":{"start":{"line":144,"column":0},"end":{"line":144,"column":16}},"144":{"start":{"line":145,"column":0},"end":{"line":145,"column":24}},"145":{"start":{"line":146,"column":0},"end":{"line":146,"column":25}},"146":{"start":{"line":147,"column":0},"end":{"line":147,"column":33}},"147":{"start":{"line":148,"column":0},"end":{"line":148,"column":25}},"148":{"start":{"line":149,"column":0},"end":{"line":149,"column":35}},"149":{"start":{"line":150,"column":0},"end":{"line":150,"column":29}},"150":{"start":{"line":151,"column":0},"end":{"line":151,"column":35}},"151":{"start":{"line":152,"column":0},"end":{"line":152,"column":36}},"152":{"start":{"line":153,"column":0},"end":{"line":153,"column":13}},"153":{"start":{"line":154,"column":0},"end":{"line":154,"column":61}},"154":{"start":{"line":155,"column":0},"end":{"line":155,"column":18}},"155":{"start":{"line":156,"column":0},"end":{"line":156,"column":12}},"156":{"start":{"line":157,"column":0},"end":{"line":157,"column":17}},"157":{"start":{"line":158,"column":0},"end":{"line":158,"column":12}},"158":{"start":{"line":159,"column":0},"end":{"line":159,"column":13}},"159":{"start":{"line":160,"column":0},"end":{"line":160,"column":4}},"160":{"start":{"line":161,"column":0},"end":{"line":161,"column":1}}},"s":{"0":1,"1":1,"2":1,"3":1,"4":1,"5":1,"6":1,"7":1,"8":1,"9":1,"10":1,"11":1,"12":1,"13":1,"14":1,"15":1,"16":1,"17":1,"18":1,"19":1,"20":1,"21":1,"22":1,"23":1,"24":1,"25":1,"26":4,"27":4,"28":4,"29":4,"30":4,"31":4,"32":4,"33":4,"34":4,"35":4,"36":4,"37":4,"38":4,"39":4,"40":4,"41":4,"42":4,"43":4,"44":4,"45":4,"46":4,"47":4,"48":4,"49":4,"50":4,"51":4,"52":4,"53":4,"54":4,"55":4,"56":4,"57":4,"58":4,"59":4,"60":4,"61":4,"62":4,"63":4,"64":4,"65":4,"66":0,"67":0,"68":4,"69":4,"70":4,"71":4,"72":4,"73":4,"74":4,"75":4,"76":0,"77":4,"78":4,"79":4,"80":4,"81":4,"82":4,"83":4,"84":4,"85":4,"86":4,"87":1,"88":1,"89":4,"90":4,"91":4,"92":4,"93":4,"94":4,"95":4,"96":0,"97":4,"98":4,"99":4,"100":4,"101":4,"102":4,"103":4,"104":4,"105":4,"106":4,"107":4,"108":4,"109":4,"110":4,"111":4,"112":4,"113":4,"114":4,"115":4,"116":4,"117":4,"118":4,"119":4,"120":4,"121":4,"122":0,"123":0,"124":0,"125":0,"126":0,"127":0,"128":0,"129":0,"130":0,"131":0,"132":0,"133":0,"134":0,"135":0,"136":0,"137":0,"138":0,"139":0,"140":0,"141":0,"142":0,"143":4,"144":4,"145":4,"146":4,"147":4,"148":4,"149":4,"150":4,"151":4,"152":4,"153":4,"154":4,"155":4,"156":4,"157":4,"158":4,"159":4,"160":4},"branchMap":{"0":{"type":"branch","line":26,"loc":{"start":{"line":26,"column":15},"end":{"line":161,"column":1}},"locations":[{"start":{"line":26,"column":15},"end":{"line":161,"column":1}}]},"1":{"type":"branch","line":76,"loc":{"start":{"line":76,"column":20},"end":{"line":77,"column":69}},"locations":[{"start":{"line":76,"column":20},"end":{"line":77,"column":69}}]},"2":{"type":"branch","line":96,"loc":{"start":{"line":96,"column":27},"end":{"line":97,"column":60}},"locations":[{"start":{"line":96,"column":27},"end":{"line":97,"column":60}}]},"3":{"type":"branch","line":120,"loc":{"start":{"line":120,"column":53},"end":{"line":120,"column":72}},"locations":[{"start":{"line":120,"column":53},"end":{"line":120,"column":72}}]},"4":{"type":"branch","line":122,"loc":{"start":{"line":122,"column":29},"end":{"line":144,"column":13}},"locations":[{"start":{"line":122,"column":29},"end":{"line":144,"column":13}}]},"5":{"type":"branch","line":87,"loc":{"start":{"line":87,"column":21},"end":{"line":89,"column":14}},"locations":[{"start":{"line":87,"column":21},"end":{"line":89,"column":14}}]}},"b":{"0":[4],"1":[0],"2":[0],"3":[0],"4":[0],"5":[1]},"fnMap":{"0":{"name":"HomeHeader","decl":{"start":{"line":26,"column":15},"end":{"line":161,"column":1}},"loc":{"start":{"line":26,"column":15},"end":{"line":161,"column":1}},"line":26},"1":{"name":"onClick","decl":{"start":{"line":66,"column":21},"end":{"line":68,"column":14}},"loc":{"start":{"line":66,"column":21},"end":{"line":68,"column":14}},"line":66},"2":{"name":"onClick","decl":{"start":{"line":87,"column":21},"end":{"line":89,"column":14}},"loc":{"start":{"line":87,"column":21},"end":{"line":89,"column":14}},"line":87}},"f":{"0":4,"1":0,"2":1}},"D:\\Projects\\english-learning-history\\app\\modules\\home\\ui\\components\\StatsBar\\StatsBar.tsx":{"path":"D:\\Projects\\english-learning-history\\app\\modules\\home\\ui\\components\\StatsBar\\StatsBar.tsx","all":false,"statementMap":{"0":{"start":{"line":1,"column":0},"end":{"line":1,"column":13}},"1":{"start":{"line":2,"column":0},"end":{"line":2,"column":0}},"2":{"start":{"line":3,"column":0},"end":{"line":3,"column":68}},"3":{"start":{"line":4,"column":0},"end":{"line":4,"column":0}},"4":{"start":{"line":5,"column":0},"end":{"line":5,"column":3}},"5":{"start":{"line":6,"column":0},"end":{"line":6,"column":36}},"6":{"start":{"line":7,"column":0},"end":{"line":7,"column":3}},"7":{"start":{"line":8,"column":0},"end":{"line":8,"column":26}},"8":{"start":{"line":9,"column":0},"end":{"line":9,"column":50}},"9":{"start":{"line":10,"column":0},"end":{"line":10,"column":25}},"10":{"start":{"line":11,"column":0},"end":{"line":11,"column":56}},"11":{"start":{"line":12,"column":0},"end":{"line":12,"column":29}},"12":{"start":{"line":13,"column":0},"end":{"line":13,"column":1}},"13":{"start":{"line":14,"column":0},"end":{"line":14,"column":0}},"14":{"start":{"line":15,"column":0},"end":{"line":15,"column":3}},"15":{"start":{"line":16,"column":0},"end":{"line":16,"column":73}},"16":{"start":{"line":17,"column":0},"end":{"line":17,"column":63}},"17":{"start":{"line":18,"column":0},"end":{"line":18,"column":78}},"18":{"start":{"line":19,"column":0},"end":{"line":19,"column":41}},"19":{"start":{"line":20,"column":0},"end":{"line":20,"column":3}},"20":{"start":{"line":21,"column":0},"end":{"line":21,"column":34}},"21":{"start":{"line":22,"column":0},"end":{"line":22,"column":8}},"22":{"start":{"line":23,"column":0},"end":{"line":23,"column":4}},"23":{"start":{"line":24,"column":0},"end":{"line":24,"column":39}},"24":{"start":{"line":25,"column":0},"end":{"line":25,"column":10}},"25":{"start":{"line":26,"column":0},"end":{"line":26,"column":12}},"26":{"start":{"line":27,"column":0},"end":{"line":27,"column":20}},"27":{"start":{"line":28,"column":0},"end":{"line":28,"column":17}},"28":{"start":{"line":29,"column":0},"end":{"line":29,"column":75}},"29":{"start":{"line":30,"column":0},"end":{"line":30,"column":23}},"30":{"start":{"line":31,"column":0},"end":{"line":31,"column":16}},"31":{"start":{"line":32,"column":0},"end":{"line":32,"column":7}},"32":{"start":{"line":33,"column":0},"end":{"line":33,"column":63}},"33":{"start":{"line":34,"column":0},"end":{"line":34,"column":5}},"34":{"start":{"line":35,"column":0},"end":{"line":35,"column":35}},"35":{"start":{"line":36,"column":0},"end":{"line":36,"column":12}},"36":{"start":{"line":37,"column":0},"end":{"line":37,"column":23}},"37":{"start":{"line":38,"column":0},"end":{"line":38,"column":21}},"38":{"start":{"line":39,"column":0},"end":{"line":39,"column":58}},"39":{"start":{"line":40,"column":0},"end":{"line":40,"column":67}},"40":{"start":{"line":41,"column":0},"end":{"line":41,"column":32}},"41":{"start":{"line":42,"column":0},"end":{"line":42,"column":76}},"42":{"start":{"line":43,"column":0},"end":{"line":43,"column":42}},"43":{"start":{"line":44,"column":0},"end":{"line":44,"column":54}},"44":{"start":{"line":45,"column":0},"end":{"line":45,"column":32}},"45":{"start":{"line":46,"column":0},"end":{"line":46,"column":11}},"46":{"start":{"line":47,"column":0},"end":{"line":47,"column":18}},"47":{"start":{"line":48,"column":0},"end":{"line":48,"column":74}},"48":{"start":{"line":49,"column":0},"end":{"line":49,"column":12}},"49":{"start":{"line":50,"column":0},"end":{"line":50,"column":9}},"50":{"start":{"line":51,"column":0},"end":{"line":51,"column":55}},"51":{"start":{"line":52,"column":0},"end":{"line":52,"column":63}},"52":{"start":{"line":53,"column":0},"end":{"line":53,"column":24}},"53":{"start":{"line":54,"column":0},"end":{"line":54,"column":17}},"54":{"start":{"line":55,"column":0},"end":{"line":55,"column":94}},"55":{"start":{"line":56,"column":0},"end":{"line":56,"column":30}},"56":{"start":{"line":57,"column":0},"end":{"line":57,"column":17}},"57":{"start":{"line":58,"column":0},"end":{"line":58,"column":14}},"58":{"start":{"line":59,"column":0},"end":{"line":59,"column":9}},"59":{"start":{"line":60,"column":0},"end":{"line":60,"column":14}},"60":{"start":{"line":61,"column":0},"end":{"line":61,"column":4}},"61":{"start":{"line":62,"column":0},"end":{"line":62,"column":1}}},"s":{"0":1,"1":1,"2":1,"3":1,"4":1,"5":1,"6":1,"7":1,"8":1,"9":1,"10":1,"11":1,"12":1,"13":1,"14":1,"15":1,"16":1,"17":1,"18":1,"19":1,"20":1,"21":2,"22":2,"23":2,"24":2,"25":2,"26":2,"27":2,"28":2,"29":2,"30":2,"31":2,"32":2,"33":2,"34":2,"35":2,"36":2,"37":2,"38":2,"39":2,"40":2,"41":2,"42":2,"43":2,"44":2,"45":2,"46":2,"47":2,"48":2,"49":2,"50":2,"51":2,"52":2,"53":2,"54":2,"55":2,"56":2,"57":2,"58":2,"59":2,"60":2,"61":2},"branchMap":{"0":{"type":"branch","line":21,"loc":{"start":{"line":21,"column":15},"end":{"line":62,"column":1}},"locations":[{"start":{"line":21,"column":15},"end":{"line":62,"column":1}}]},"1":{"type":"branch","line":35,"loc":{"start":{"line":35,"column":17},"end":{"line":37,"column":23}},"locations":[{"start":{"line":35,"column":17},"end":{"line":37,"column":23}}]}},"b":{"0":[2],"1":[2]},"fnMap":{"0":{"name":"StatsBar","decl":{"start":{"line":21,"column":15},"end":{"line":62,"column":1}},"loc":{"start":{"line":21,"column":15},"end":{"line":62,"column":1}},"line":21}},"f":{"0":2}},"D:\\Projects\\english-learning-history\\app\\modules\\home\\ui\\hooks\\useHomePage.ts":{"path":"D:\\Projects\\english-learning-history\\app\\modules\\home\\ui\\hooks\\useHomePage.ts","all":false,"statementMap":{"0":{"start":{"line":1,"column":0},"end":{"line":1,"column":13}},"1":{"start":{"line":2,"column":0},"end":{"line":2,"column":0}},"2":{"start":{"line":3,"column":0},"end":{"line":3,"column":32}},"3":{"start":{"line":4,"column":0},"end":{"line":4,"column":0}},"4":{"start":{"line":5,"column":0},"end":{"line":5,"column":81}},"5":{"start":{"line":6,"column":0},"end":{"line":6,"column":61}},"6":{"start":{"line":7,"column":0},"end":{"line":7,"column":61}},"7":{"start":{"line":8,"column":0},"end":{"line":8,"column":57}},"8":{"start":{"line":9,"column":0},"end":{"line":9,"column":70}},"9":{"start":{"line":10,"column":0},"end":{"line":10,"column":0}},"10":{"start":{"line":11,"column":0},"end":{"line":11,"column":3}},"11":{"start":{"line":12,"column":0},"end":{"line":12,"column":52}},"12":{"start":{"line":13,"column":0},"end":{"line":13,"column":3}},"13":{"start":{"line":14,"column":0},"end":{"line":14,"column":55}},"14":{"start":{"line":15,"column":0},"end":{"line":15,"column":17}},"15":{"start":{"line":16,"column":0},"end":{"line":16,"column":17}},"16":{"start":{"line":17,"column":0},"end":{"line":17,"column":2}},"17":{"start":{"line":18,"column":0},"end":{"line":18,"column":0}},"18":{"start":{"line":19,"column":0},"end":{"line":19,"column":3}},"19":{"start":{"line":20,"column":0},"end":{"line":20,"column":67}},"20":{"start":{"line":21,"column":0},"end":{"line":21,"column":74}},"21":{"start":{"line":22,"column":0},"end":{"line":22,"column":80}},"22":{"start":{"line":23,"column":0},"end":{"line":23,"column":3}},"23":{"start":{"line":24,"column":0},"end":{"line":24,"column":34}},"24":{"start":{"line":25,"column":0},"end":{"line":25,"column":59}},"25":{"start":{"line":26,"column":0},"end":{"line":26,"column":55}},"26":{"start":{"line":27,"column":0},"end":{"line":27,"column":0}},"27":{"start":{"line":28,"column":0},"end":{"line":28,"column":55}},"28":{"start":{"line":29,"column":0},"end":{"line":29,"column":34}},"29":{"start":{"line":30,"column":0},"end":{"line":30,"column":29}},"30":{"start":{"line":31,"column":0},"end":{"line":31,"column":9}},"31":{"start":{"line":32,"column":0},"end":{"line":32,"column":0}},"32":{"start":{"line":33,"column":0},"end":{"line":33,"column":52}},"33":{"start":{"line":34,"column":0},"end":{"line":34,"column":31}},"34":{"start":{"line":35,"column":0},"end":{"line":35,"column":26}},"35":{"start":{"line":36,"column":0},"end":{"line":36,"column":9}},"36":{"start":{"line":37,"column":0},"end":{"line":37,"column":0}},"37":{"start":{"line":38,"column":0},"end":{"line":38,"column":5}},"38":{"start":{"line":39,"column":0},"end":{"line":39,"column":48}},"39":{"start":{"line":40,"column":0},"end":{"line":40,"column":93}},"40":{"start":{"line":41,"column":0},"end":{"line":41,"column":5}},"41":{"start":{"line":42,"column":0},"end":{"line":42,"column":29}},"42":{"start":{"line":43,"column":0},"end":{"line":43,"column":28}},"43":{"start":{"line":44,"column":0},"end":{"line":44,"column":64}},"44":{"start":{"line":45,"column":0},"end":{"line":45,"column":13}},"45":{"start":{"line":46,"column":0},"end":{"line":46,"column":5}},"46":{"start":{"line":47,"column":0},"end":{"line":47,"column":53}},"47":{"start":{"line":48,"column":0},"end":{"line":48,"column":4}},"48":{"start":{"line":49,"column":0},"end":{"line":49,"column":0}},"49":{"start":{"line":50,"column":0},"end":{"line":50,"column":10}},"50":{"start":{"line":51,"column":0},"end":{"line":51,"column":33}},"51":{"start":{"line":52,"column":0},"end":{"line":52,"column":18}},"52":{"start":{"line":53,"column":0},"end":{"line":53,"column":31}},"53":{"start":{"line":54,"column":0},"end":{"line":54,"column":16}},"54":{"start":{"line":55,"column":0},"end":{"line":55,"column":25}},"55":{"start":{"line":56,"column":0},"end":{"line":56,"column":11}},"56":{"start":{"line":57,"column":0},"end":{"line":57,"column":24}},"57":{"start":{"line":58,"column":0},"end":{"line":58,"column":14}},"58":{"start":{"line":59,"column":0},"end":{"line":59,"column":31}},"59":{"start":{"line":60,"column":0},"end":{"line":60,"column":6}},"60":{"start":{"line":61,"column":0},"end":{"line":61,"column":28}},"61":{"start":{"line":62,"column":0},"end":{"line":62,"column":13}},"62":{"start":{"line":63,"column":0},"end":{"line":63,"column":30}},"63":{"start":{"line":64,"column":0},"end":{"line":64,"column":10}},"64":{"start":{"line":65,"column":0},"end":{"line":65,"column":4}},"65":{"start":{"line":66,"column":0},"end":{"line":66,"column":2}}},"s":{"0":1,"1":1,"2":1,"3":1,"4":1,"5":1,"6":1,"7":1,"8":1,"9":1,"10":1,"11":1,"12":1,"13":1,"14":1,"15":1,"16":1,"17":1,"18":1,"19":1,"20":1,"21":1,"22":1,"23":1,"24":5,"25":5,"26":5,"27":5,"28":5,"29":5,"30":5,"31":5,"32":5,"33":5,"34":5,"35":5,"36":5,"37":5,"38":5,"39":5,"40":5,"41":5,"42":2,"43":2,"44":2,"45":2,"46":2,"47":2,"48":5,"49":5,"50":5,"51":5,"52":5,"53":5,"54":5,"55":5,"56":5,"57":5,"58":5,"59":5,"60":5,"61":5,"62":5,"63":5,"64":5,"65":5},"branchMap":{"0":{"type":"branch","line":24,"loc":{"start":{"line":24,"column":27},"end":{"line":66,"column":2}},"locations":[{"start":{"line":24,"column":27},"end":{"line":66,"column":2}}]},"1":{"type":"branch","line":29,"loc":{"start":{"line":29,"column":27},"end":{"line":31,"column":5}},"locations":[{"start":{"line":29,"column":27},"end":{"line":31,"column":5}}]},"2":{"type":"branch","line":34,"loc":{"start":{"line":34,"column":24},"end":{"line":36,"column":5}},"locations":[{"start":{"line":34,"column":24},"end":{"line":36,"column":5}}]},"3":{"type":"branch","line":42,"loc":{"start":{"line":42,"column":22},"end":{"line":48,"column":4}},"locations":[{"start":{"line":42,"column":22},"end":{"line":48,"column":4}}]},"4":{"type":"branch","line":44,"loc":{"start":{"line":44,"column":37},"end":{"line":44,"column":56}},"locations":[{"start":{"line":44,"column":37},"end":{"line":44,"column":56}}]},"5":{"type":"branch","line":44,"loc":{"start":{"line":44,"column":46},"end":{"line":44,"column":64}},"locations":[{"start":{"line":44,"column":46},"end":{"line":44,"column":64}}]},"6":{"type":"branch","line":46,"loc":{"start":{"line":46,"column":4},"end":{"line":47,"column":45}},"locations":[{"start":{"line":46,"column":4},"end":{"line":47,"column":45}}]},"7":{"type":"branch","line":47,"loc":{"start":{"line":47,"column":35},"end":{"line":47,"column":53}},"locations":[{"start":{"line":47,"column":35},"end":{"line":47,"column":53}}]}},"b":{"0":[5],"1":[5],"2":[5],"3":[2],"4":[1],"5":[1],"6":[0],"7":[0]},"fnMap":{"0":{"name":"useHomePage","decl":{"start":{"line":24,"column":27},"end":{"line":66,"column":2}},"loc":{"start":{"line":24,"column":27},"end":{"line":66,"column":2}},"line":24},"1":{"name":"toggleTheme","decl":{"start":{"line":42,"column":22},"end":{"line":48,"column":4}},"loc":{"start":{"line":42,"column":22},"end":{"line":48,"column":4}},"line":42}},"f":{"0":5,"1":2}},"D:\\Projects\\english-learning-history\\app\\modules\\home\\ui\\pages\\index.tsx":{"path":"D:\\Projects\\english-learning-history\\app\\modules\\home\\ui\\pages\\index.tsx","all":false,"statementMap":{"0":{"start":{"line":1,"column":0},"end":{"line":1,"column":13}},"1":{"start":{"line":2,"column":0},"end":{"line":2,"column":0}},"2":{"start":{"line":3,"column":0},"end":{"line":3,"column":8}},"3":{"start":{"line":4,"column":0},"end":{"line":4,"column":14}},"4":{"start":{"line":5,"column":0},"end":{"line":5,"column":14}},"5":{"start":{"line":6,"column":0},"end":{"line":6,"column":13}},"6":{"start":{"line":7,"column":0},"end":{"line":7,"column":13}},"7":{"start":{"line":8,"column":0},"end":{"line":8,"column":11}},"8":{"start":{"line":9,"column":0},"end":{"line":9,"column":42}},"9":{"start":{"line":10,"c
[...]
d":{"line":61,"column":12}},"61":{"start":{"line":62,"column":0},"end":{"line":62,"column":20}},"62":{"start":{"line":63,"column":0},"end":{"line":63,"column":21}},"63":{"start":{"line":64,"column":0},"end":{"line":64,"column":29}},"64":{"start":{"line":65,"column":0},"end":{"line":65,"column":21}},"65":{"start":{"line":66,"column":0},"end":{"line":66,"column":31}},"66":{"start":{"line":67,"column":0},"end":{"line":67,"column":25}},"67":{"start":{"line":68,"column":0},"end":{"line":68,"column":31}},"68":{"start":{"line":69,"column":0},"end":{"line":69,"column":32}},"69":{"start":{"line":70,"column":0},"end":{"line":70,"column":55}},"70":{"start":{"line":71,"column":0},"end":{"line":71,"column":9}},"71":{"start":{"line":72,"column":0},"end":{"line":72,"column":57}},"72":{"start":{"line":73,"column":0},"end":{"line":73,"column":14}},"73":{"start":{"line":74,"column":0},"end":{"line":74,"column":8}},"74":{"start":{"line":75,"column":0},"end":{"line":75,"column":13}},"75":{"start":{"line":76,"column":0},"end":{"line":76,"column":4}},"76":{"start":{"line":77,"column":0},"end":{"line":77,"column":1}}},"s":{"0":1,"1":1,"2":1,"3":1,"4":1,"5":1,"6":1,"7":1,"8":1,"9":1,"10":1,"11":1,"12":1,"13":1,"14":1,"15":1,"16":1,"17":1,"18":1,"19":3,"20":3,"21":3,"22":3,"23":3,"24":3,"25":3,"26":3,"27":3,"28":3,"29":3,"30":3,"31":3,"32":3,"33":3,"34":3,"35":3,"36":3,"37":3,"38":2,"39":2,"40":2,"41":2,"42":2,"43":2,"44":2,"45":2,"46":2,"47":2,"48":2,"49":2,"50":2,"51":2,"52":2,"53":2,"54":2,"55":2,"56":2,"57":2,"58":2,"59":2,"60":3,"61":3,"62":3,"63":3,"64":3,"65":3,"66":3,"67":3,"68":3,"69":3,"70":3,"71":3,"72":3,"73":3,"74":3,"75":3,"76":3},"branchMap":{"0":{"type":"branch","line":19,"loc":{"start":{"line":19,"column":15},"end":{"line":77,"column":1}},"locations":[{"start":{"line":19,"column":15},"end":{"line":77,"column":1}}]},"1":{"type":"branch","line":36,"loc":{"start":{"line":36,"column":49},"end":{"line":36,"column":68}},"locations":[{"start":{"line":36,"column":49},"end":{"line":36,"column":68}}]},"2":{"type":"branch","line":36,"loc":{"start":{"line":36,"column":58},"end":{"line":36,"column":75}},"locations":[{"start":{"line":36,"column":58},"end":{"line":36,"column":75}}]},"3":{"type":"branch","line":38,"loc":{"start":{"line":38,"column":25},"end":{"line":61,"column":9}},"locations":[{"start":{"line":38,"column":25},"end":{"line":61,"column":9}}]}},"b":{"0":[3],"1":[2],"2":[1],"3":[2]},"fnMap":{"0":{"name":"ThemeToggle","decl":{"start":{"line":19,"column":15},"end":{"line":77,"column":1}},"loc":{"start":{"line":19,"column":15},"end":{"line":77,"column":1}},"line":19}},"f":{"0":3}},"D:\\Projects\\english-learning-history\\app\\shared\\hooks\\useLocale.ts":{"path":"D:\\Projects\\english-learning-history\\app\\shared\\hooks\\useLocale.ts","all":false,"statementMap":{"0":{"start":{"line":1,"column":0},"end":{"line":1,"column":13}},"1":{"start":{"line":2,"column":0},"end":{"line":2,"column":0}},"2":{"start":{"line":3,"column":0},"end":{"line":3,"column":57}},"3":{"start":{"line":4,"column":0},"end":{"line":4,"column":0}},"4":{"start":{"line":5,"column":0},"end":{"line":5,"column":70}},"5":{"start":{"line":6,"column":0},"end":{"line":6,"column":0}},"6":{"start":{"line":7,"column":0},"end":{"line":7,"column":62}},"7":{"start":{"line":8,"column":0},"end":{"line":8,"column":40}},"8":{"start":{"line":9,"column":0},"end":{"line":9,"column":0}},"9":{"start":{"line":10,"column":0},"end":{"line":10,"column":41}},"10":{"start":{"line":11,"column":0},"end":{"line":11,"column":36}},"11":{"start":{"line":12,"column":0},"end":{"line":12,"column":0}},"12":{"start":{"line":13,"column":0},"end":{"line":13,"column":3}},"13":{"start":{"line":14,"column":0},"end":{"line":14,"column":60}},"14":{"start":{"line":15,"column":0},"end":{"line":15,"column":73}},"15":{"start":{"line":16,"column":0},"end":{"line":16,"column":81}},"16":{"start":{"line":17,"column":0},"end":{"line":17,"column":97}},"17":{"start":{"line":18,"column":0},"end":{"line":18,"column":3}},"18":{"start":{"line":19,"column":0},"end":{"line":19,"column":26}},"19":{"start":{"line":20,"column":0},"end":{"line":20,"column":47}},"20":{"start":{"line":21,"column":0},"end":{"line":21,"column":6}},"21":{"start":{"line":22,"column":0},"end":{"line":22,"column":68}},"22":{"start":{"line":23,"column":0},"end":{"line":23,"column":0}},"23":{"start":{"line":24,"column":0},"end":{"line":24,"column":54}},"24":{"start":{"line":25,"column":0},"end":{"line":25,"column":19}},"25":{"start":{"line":26,"column":0},"end":{"line":26,"column":77}},"26":{"start":{"line":27,"column":0},"end":{"line":27,"column":57}},"27":{"start":{"line":28,"column":0},"end":{"line":28,"column":29}},"28":{"start":{"line":29,"column":0},"end":{"line":29,"column":5}},"29":{"start":{"line":30,"column":0},"end":{"line":30,"column":9}},"30":{"start":{"line":31,"column":0},"end":{"line":31,"column":0}},"31":{"start":{"line":32,"column":0},"end":{"line":32,"column":5}},"32":{"start":{"line":33,"column":0},"end":{"line":33,"column":60}},"33":{"start":{"line":34,"column":0},"end":{"line":34,"column":47}},"34":{"start":{"line":35,"column":0},"end":{"line":35,"column":5}},"35":{"start":{"line":36,"column":0},"end":{"line":36,"column":56}},"36":{"start":{"line":37,"column":0},"end":{"line":37,"column":30}},"37":{"start":{"line":38,"column":0},"end":{"line":38,"column":56}},"38":{"start":{"line":39,"column":0},"end":{"line":39,"column":9}},"39":{"start":{"line":40,"column":0},"end":{"line":40,"column":0}},"40":{"start":{"line":41,"column":0},"end":{"line":41,"column":5}},"41":{"start":{"line":42,"column":0},"end":{"line":42,"column":73}},"42":{"start":{"line":43,"column":0},"end":{"line":43,"column":61}},"43":{"start":{"line":44,"column":0},"end":{"line":44,"column":48}},"44":{"start":{"line":45,"column":0},"end":{"line":45,"column":59}},"45":{"start":{"line":46,"column":0},"end":{"line":46,"column":5}},"46":{"start":{"line":47,"column":0},"end":{"line":47,"column":24}},"47":{"start":{"line":48,"column":0},"end":{"line":48,"column":30}},"48":{"start":{"line":49,"column":0},"end":{"line":49,"column":47}},"49":{"start":{"line":50,"column":0},"end":{"line":50,"column":43}},"50":{"start":{"line":51,"column":0},"end":{"line":51,"column":6}},"51":{"start":{"line":52,"column":0},"end":{"line":52,"column":22}},"52":{"start":{"line":53,"column":0},"end":{"line":53,"column":4}},"53":{"start":{"line":54,"column":0},"end":{"line":54,"column":0}},"54":{"start":{"line":55,"column":0},"end":{"line":55,"column":10}},"55":{"start":{"line":56,"column":0},"end":{"line":56,"column":36}},"56":{"start":{"line":57,"column":0},"end":{"line":57,"column":11}},"57":{"start":{"line":58,"column":0},"end":{"line":58,"column":47}},"58":{"start":{"line":59,"column":0},"end":{"line":59,"column":14}},"59":{"start":{"line":60,"column":0},"end":{"line":60,"column":31}},"60":{"start":{"line":61,"column":0},"end":{"line":61,"column":6}},"61":{"start":{"line":62,"column":0},"end":{"line":62,"column":4}},"62":{"start":{"line":63,"column":0},"end":{"line":63,"column":2}}},"s":{"0":1,"1":1,"2":1,"3":1,"4":1,"5":1,"6":1,"7":1,"8":1,"9":1,"10":1,"11":1,"12":1,"13":1,"14":1,"15":1,"16":1,"17":1,"18":1,"19":10,"20":10,"21":10,"22":10,"23":10,"24":10,"25":7,"26":7,"27":1,"28":1,"29":10,"30":10,"31":10,"32":10,"33":10,"34":10,"35":10,"36":2,"37":2,"38":10,"39":10,"40":10,"41":10,"42":10,"43":10,"44":10,"45":10,"46":10,"47":10,"48":5,"49":5,"50":5,"51":10,"52":10,"53":10,"54":10,"55":10,"56":10,"57":10,"58":10,"59":10,"60":10,"61":10,"62":10},"branchMap":{"0":{"type":"branch","line":19,"loc":{"start":{"line":19,"column":25},"end":{"line":63,"column":2}},"locations":[{"start":{"line":19,"column":25},"end":{"line":63,"column":2}}]},"1":{"type":"branch","line":25,"loc":{"start":{"line":25,"column":12},"end":{"line":30,"column":5}},"locations":[{"start":{"line":25,"column":12},"end":{"line":30,"column":5}}]},"2":{"type":"branch","line":27,"loc":{"start":{"line":27,"column":8},"end":{"line":27,"column":56}},"locations":[{"start":{"line":27,"column":8},"end":{"line":27,"column":56}}]},"3":{"type":"branch","line":27,"loc":{"start":{"line":27,"column":56},"end":{"line":29,"column":5}},"locations":[{"start":{"line":27,"column":56},"end":{"line":29,"column":5}}]},"4":{"type":"branch","line":36,"loc":{"start":{"line":36,"column":32},"end":{"line":39,"column":5}},"locations":[{"start":{"line":36,"column":32},"end":{"line":39,"column":5}}]},"5":{"type":"branch","line":48,"loc":{"start":{"line":48,"column":4},"end":{"line":51,"column":6}},"locations":[{"start":{"line":48,"column":4},"end":{"line":51,"column":6}}]},"6":{"type":"branch","line":50,"loc":{"start":{"line":50,"column":35},"end":{"line":50,"column":43}},"locations":[{"start":{"line":50,"column":35},"end":{"line":50,"column":43}}]}},"b":{"0":[10],"1":[7],"2":[2],"3":[1],"4":[2],"5":[5],"6":[2]},"fnMap":{"0":{"name":"useLocale","decl":{"start":{"line":19,"column":25},"end":{"line":63,"column":2}},"loc":{"start":{"line":19,"column":25},"end":{"line":63,"column":2}},"line":19}},"f":{"0":10}},"D:\\Projects\\english-learning-history\\app\\shared\\hooks\\useTheme.ts":{"path":"D:\\Projects\\english-learning-history\\app\\shared\\hooks\\useTheme.ts","all":false,"statementMap":{"0":{"start":{"line":1,"column":0},"end":{"line":1,"column":13}},"1":{"start":{"line":2,"column":0},"end":{"line":2,"column":0}},"2":{"start":{"line":3,"column":0},"end":{"line":3,"column":57}},"3":{"start":{"line":4,"column":0},"end":{"line":4,"column":0}},"4":{"start":{"line":5,"column":0},"end":{"line":5,"column":52}},"5":{"start":{"line":6,"column":0},"end":{"line":6,"column":0}},"6":{"start":{"line":7,"column":0},"end":{"line":7,"column":61}},"7":{"start":{"line":8,"column":0},"end":{"line":8,"column":38}},"8":{"start":{"line":9,"column":0},"end":{"line":9,"column":0}},"9":{"start":{"line":10,"column":0},"end":{"line":10,"column":3}},"10":{"start":{"line":11,"column":0},"end":{"line":11,"column":65}},"11":{"start":{"line":12,"column":0},"end":{"line":12,"column":59}},"12":{"start":{"line":13,"column":0},"end":{"line":13,"column":42}},"13":{"start":{"line":14,"column":0},"end":{"line":14,"column":49}},"14":{"start":{"line":15,"column":0},"end":{"line":15,"column":3}},"15":{"start":{"line":16,"column":0},"end":{"line":16,"column":61}},"16":{"start":{"line":17,"column":0},"end":{"line":17,"column":26}},"17":{"start":{"line":18,"column":0},"end":{"line":18,"column":40}},"18":{"start":{"line":19,"column":0},"end":{"line":19,"column":20}},"19":{"start":{"line":20,"column":0},"end":{"line":20,"column":5}},"20":{"start":{"line":21,"column":0},"end":{"line":21,"column":68}},"21":{"start":{"line":22,"column":0},"end":{"line":22,"column":14}},"22":{"start":{"line":23,"column":0},"end":{"line":23,"column":16}},"23":{"start":{"line":24,"column":0},"end":{"line":24,"column":3}},"24":{"start":{"line":25,"column":0},"end":{"line":25,"column":14}},"25":{"start":{"line":26,"column":0},"end":{"line":26,"column":2}},"26":{"start":{"line":27,"column":0},"end":{"line":27,"column":0}},"27":{"start":{"line":28,"column":0},"end":{"line":28,"column":3}},"28":{"start":{"line":29,"column":0},"end":{"line":29,"column":72}},"29":{"start":{"line":30,"column":0},"end":{"line":30,"column":77}},"30":{"start":{"line":31,"column":0},"end":{"line":31,"column":95}},"31":{"start":{"line":32,"column":0},"end":{"line":32,"column":3}},"32":{"start":{"line":33,"column":0},"end":{"line":33,"column":31}},"33":{"start":{"line":34,"column":0},"end":{"line":34,"column":56}},"34":{"start":{"line":35,"column":0},"end":{"line":35,"column":79}},"35":{"start":{"line":36,"column":0},"end":{"line":36,"column":0}},"36":{"start":{"line":37,"column":0},"end":{"line":37,"column":74}},"37":{"start":{"line":38,"column":0},"end":{"line":38,"column":63}},"38":{"start":{"line":39,"column":0},"end":{"line":39,"column":63}},"39":{"start":{"line":40,"column":0},"end":{"line":40,"column":28}},"40":{"start":{"line":41,"column":0},"end":{"line":41,"column":9}},"41":{"start":{"line":42,"column":0},"end":{"line":42,"column":0}},"42":{"start":{"line":43,"column":0},"end":{"line":43,"column":69}},"43":{"start":{"line":44,"column":0},"end":{"line":44,"column":19}},"44":{"start":{"line":45,"column":0},"end":{"line":45,"column":79}},"45":{"start":{"line":46,"column":0},"end":{"line":46,"column":54}},"46":{"start":{"line":47,"column":0},"end":{"line":47,"column":25}},"47":{"start":{"line":48,"column":0},"end":{"line":48,"column":42}},"48":{"start":{"line":49,"column":0},"end":{"line":49,"column":19}},"49":{"start":{"line":50,"column":0},"end":{"line":50,"column":0}},"50":{"start":{"line":51,"column":0},"end":{"line":51,"column":72}},"51":{"start":{"line":52,"column":0},"end":{"line":52,"column":19}},"52":{"start":{"line":53,"column":0},"end":{"line":53,"column":28}},"53":{"start":{"line":54,"column":0},"end":{"line":54,"column":13}},"54":{"start":{"line":55,"column":0},"end":{"line":55,"column":5}},"55":{"start":{"line":56,"column":0},"end":{"line":56,"column":0}},"56":{"start":{"line":57,"column":0},"end":{"line":57,"column":73}},"57":{"start":{"line":58,"column":0},"end":{"line":58,"column":0}},"58":{"start":{"line":59,"column":0},"end":{"line":59,"column":7}},"59":{"start":{"line":60,"column":0},"end":{"line":60,"column":45}},"60":{"start":{"line":61,"column":0},"end":{"line":61,"column":44}},"61":{"start":{"line":62,"column":0},"end":{"line":62,"column":7}},"62":{"start":{"line":63,"column":0},"end":{"line":63,"column":54}},"63":{"start":{"line":64,"column":0},"end":{"line":64,"column":47}},"64":{"start":{"line":65,"column":0},"end":{"line":65,"column":6}},"65":{"start":{"line":66,"column":0},"end":{"line":66,"column":0}},"66":{"start":{"line":67,"column":0},"end":{"line":67,"column":56}},"67":{"start":{"line":68,"column":0},"end":{"line":68,"column":18}},"68":{"start":{"line":69,"column":0},"end":{"line":69,"column":61}},"69":{"start":{"line":70,"column":0},"end":{"line":70,"column":6}},"70":{"start":{"line":71,"column":0},"end":{"line":71,"column":25}},"71":{"start":{"line":72,"column":0},"end":{"line":72,"column":0}},"72":{"start":{"line":73,"column":0},"end":{"line":73,"column":5}},"73":{"start":{"line":74,"column":0},"end":{"line":74,"column":57}},"74":{"start":{"line":75,"column":0},"end":{"line":75,"column":49}},"75":{"start":{"line":76,"column":0},"end":{"line":76,"column":5}},"76":{"start":{"line":77,"column":0},"end":{"line":77,"column":35}},"77":{"start":{"line":78,"column":0},"end":{"line":78,"column":29}},"78":{"start":{"line":79,"column":0},"end":{"line":79,"column":23}},"79":{"start":{"line":80,"column":0},"end":{"line":80,"column":55}},"80":{"start":{"line":81,"column":0},"end":{"line":81,"column":40}},"81":{"start":{"line":82,"column":0},"end":{"line":82,"column":6}},"82":{"start":{"line":83,"column":0},"end":{"line":83,"column":16}},"83":{"start":{"line":84,"column":0},"end":{"line":84,"column":4}},"84":{"start":{"line":85,"column":0},"end":{"line":85,"column":0}},"85":{"start":{"line":86,"column":0},"end":{"line":86,"column":10}},"86":{"start":{"line":87,"column":0},"end":{"line":87,"column":61}},"87":{"start":{"line":88,"column":0},"end":{"line":88,"column":9}},"88":{"start":{"line":89,"column":0},"end":{"line":89,"column":66}},"89":{"start":{"line":90,"column":0},"end":{"line":90,"column":18}},"90":{"start":{"line":91,"column":0},"end":{"line":91,"column":44}},"91":{"start":{"line":92,"column":0},"end":{"line":92,"column":17}},"92":{"start":{"line":93,"column":0},"end":{"line":93,"column":4}},"93":{"start":{"line":94,"column":0},"end":{"line":94,"column":2}}},"s":{"0":1,"1":1,"2":1,"3":1,"4":1,"5":1,"6":1,"7":1,"8":1,"9":1,"10":1,"11":1,"12":1,"13":1,"14":1,"15":1,"16":10,"17":7,"18":0,"19":0,"20":7,"21":1,"22":6,"23":7,"24":3,"25":3,"26":1,"27":1,"28":1,"29":1,"30":1,"31":1,"32":1,"33":18,"34":18,"35":18,"36":18,"37":18,"38":11,"39":11,"40":18,"41":18,"42":18,"43":18,"44":8,"45":8,"46":8,"47":8,"48":18,"49":18,"50":18,"51":18,"52":11,"53":3,"54":3,"55":8,"56":8,"57":8,"58":8,"59":8,"60":8,"61":8,"62":8,"63":1,"64":1,"65":8,"66":8,"67":8,"68":8,"69":8,"70":18,"71":18,"72":18,"73":18,"74":18,"75":18,"76":18,"77":18,"78":2,"79":2,"80":2,"81":2,"82":18,"83":18,"84":18,"85":18,"86":18,"87":18,"88":18,"89":18,"90":18,"91":18,"92":18,"93":18},"branchMap":{"0":{"type":"branch","line":16,"loc":{"start":{"line":16,"column":21},"end":{"line":26,"column":2}},"locations":[{"start":{"line":16,"column":21},"end":{"line":26,"column":2}}]},"1":{"type":"branch","line":17,"loc":{"start":{"line":17,"column":25},"end":{"line":24,"column":3}},"locations":[{"start":{"line":17,"column":25},"end":{"line":24,"column":3}}]},"2":{"type":"branch","line":18,"loc":{"start":{"line":18,"column":39},"end":{"line":20,"column":5}},"locations":[{"start":{"line":18,"column":39},"end":{"line":20,"column":5}}]},"3":{"type":"branch","line":22,"loc":{"start":{"line":22,"column":-1},"end":{"line":22,"column":14}},"locations":[{"start":{"line":22,"column":-1},"end":{"line":22,"column":14}}]},"4":{"type":"branch","line":22,"loc":{"start":{"line":22,"column":8},"end":{"line":23,"column":16}},"locations":[{"start":{"line":22,"column":8},"end":{"line":23,"column":16}}]},"5":{"type":"branch","line":24,"loc":{"start":{"line":24,"column":2},"end":{"line":26,"column":2}},"locations":[{"start":{"line":24,"column":2},"end":{"line":26,"column":2}}]},"6":{"type":"branch","line":33,"loc":{"start":{"line":33,"column":24},"end":{"line":94,"column":2}},"locations":[{"start":{"line":33,"column":24},"end":{"line":94,"column":2}}]},"7":{"type":"branch","line":38,"loc":{"start":{"line":38,"column":33},"end":{"line":41,"column":5}},"locations":[{"start":{"line":38,"column":33},"end":{"line":41,"column":5}}]},"8":{"type":"branch","line":44,"loc":{"start":{"line":44,"column":12},"end":{"line":49,"column":5}},"locations":[{"start":{"line":44,"column":12},"end":{"line":49,"column":5}}]},"9":{"type":"branch","line":46,"loc":{"start":{"line":46,"column":35},"end":{"line":46,"column":54}},"locations":[{"start":{"line":46,"column":35},"end":{"line":46,"column":54}}]},"10":{"type":"branch","line":52,"loc":{"start":{"line":52,"column":12},"end":{"line":71,"column":5}},"locations":[{"start":{"line":52,"column":12},"end":{"line":71,"column":5}}]},"11":{"type":"branch","line":53,"loc":{"start":{"line":53,"column":27},"end":{"line":55,"column":5}},"locations":[{"start":{"line":53,"column":27},"end":{"line":55,"column":5}}]},"12":{"type":"branch","line":55,"loc":{"start":{"line":55,"column":4},"end":{"line":71,"column":5}},"locations":[{"start":{"line":55,"column":4},"end":{"line":71,"column":5}}]},"13":{"type":"branch","line":63,"loc":{"start":{"line":63,"column":25},"end":{"line":65,"column":6}},"locations":[{"start":{"line":63,"column":25},"end":{"line":65,"column":6}}]},"14":{"type":"branch","line":64,"loc":{"start":{"line":64,"column":29},"end":{"line":64,"column":47}},"locations":[{"start":{"line":64,"column":29},"end":{"line":64,"column":47}}]},"15":{"type":"branch","line":68,"loc":{"start":{"line":68,"column":11},"end":{"line":70,"column":6}},"locations":[{"start":{"line":68,"column":11},"end":{"line":70,"column":6}}]},"16":{"type":"branch","line":78,"loc":{"start":{"line":78,"column":4},"end":{"line":82,"column":6}},"locations":[{"start":{"line":78,"column":4},"end":{"line":82,"column":6}}]}},"b":{"0":[10],"1":[7],"2":[0],"3":[1],"4":[6],"5":[3],"6":[18],"7":[11],"8":[8],"9":[7],"10":[11],"11":[3],"12":[8],"13":[1],"14":[0],"15":[8],"16":[2]},"fnMap":{"0":{"name":"resolveTheme","decl":{"start":{"line":16,"column":21},"end":{"line":26,"column":2}},"loc":{"start":{"line":16,"column":21},"end":{"line":26,"column":2}},"line":16},"1":{"name":"useTheme","decl":{"start":{"line":33,"column":24},"end":{"line":94,"column":2}},"loc":{"start":{"line":33,"column":24},"end":{"line":94,"column":2}},"line":33},"2":{"name":"handleChange","decl":{"start":{"line":63,"column":25},"end":{"line":65,"column":6}},"loc":{"start":{"line":63,"column":25},"end":{"line":65,"column":6}},"line":63}},"f":{"0":10,"1":18,"2":1}}}}
